Using pre-set license
Built from '2021.3/staging' branch; Version is '2021.3.33f1 (ee5a2aa03ab2) revision 15620650'; Using compiler version '192829333'; Build Type 'Release'
OS: 'Windows 11  (10.0.22631) 64bit CoreSingleLanguage' Language: 'en' Physical Memory: 16163 MB
BatchMode: 1, IsHumanControllingUs: 0, StartBugReporterOnCrash: 0, Is64bit: 1, IsPro: 1

COMMAND LINE ARGUMENTS:
E:\UnityEditor\2021.3.33f1\Editor\Unity.exe
-adb2
-batchMode
-noUpm
-name
AssetImportWorker0
-projectPath
E:/Project/PC/2D/Pokemon 2D
-logFile
Logs/AssetImportWorker0.log
-srvPort
49983
Successfully changed project path to: E:/Project/PC/2D/Pokemon 2D
E:/Project/PC/2D/Pokemon 2D
[UnityMemory] Configuration Parameters - Can be set up in boot.config
    "memorysetup-bucket-allocator-granularity=16"
    "memorysetup-bucket-allocator-bucket-count=8"
    "memorysetup-bucket-allocator-block-size=33554432"
    "memorysetup-bucket-allocator-block-count=8"
    "memorysetup-main-allocator-block-size=16777216"
    "memorysetup-thread-allocator-block-size=16777216"
    "memorysetup-gfx-main-allocator-block-size=16777216"
    "memorysetup-gfx-thread-allocator-block-size=16777216"
    "memorysetup-cache-allocator-block-size=4194304"
    "memorysetup-typetree-allocator-block-size=2097152"
    "memorysetup-profiler-bucket-allocator-granularity=16"
    "memorysetup-profiler-bucket-allocator-bucket-count=8"
    "memorysetup-profiler-bucket-allocator-block-size=33554432"
    "memorysetup-profiler-bucket-allocator-block-count=8"
    "memorysetup-profiler-allocator-block-size=16777216"
    "memorysetup-profiler-editor-allocator-block-size=1048576"
    "memorysetup-temp-allocator-size-main=16777216"
    "memorysetup-job-temp-allocator-block-size=2097152"
    "memorysetup-job-temp-allocator-block-size-background=1048576"
    "memorysetup-job-temp-allocator-reduction-small-platforms=262144"
    "memorysetup-temp-allocator-size-background-worker=32768"
    "memorysetup-temp-allocator-size-job-worker=262144"
    "memorysetup-temp-allocator-size-preload-manager=33554432"
    "memorysetup-temp-allocator-size-nav-mesh-worker=65536"
    "memorysetup-temp-allocator-size-audio-worker=65536"
    "memorysetup-temp-allocator-size-cloud-worker=32768"
    "memorysetup-temp-allocator-size-gi-baking-worker=262144"
    "memorysetup-temp-allocator-size-gfx=262144"
Player connection [11244] Host "[IP] 192.168.0.106 [Port] 0 [Flags] 2 [Guid] 2323059128 [EditorId] 2323059128 [Version] 1048832 [Id] WindowsEditor(7,MQuang) [Debug] 1 [PackageName] WindowsEditor [ProjectName] Editor" joined multi-casting on [225.0.0.222:54997]...

Player connection [11244] Host "[IP] 192.168.0.106 [Port] 0 [Flags] 2 [Guid] 2323059128 [EditorId] 2323059128 [Version] 1048832 [Id] WindowsEditor(7,MQuang) [Debug] 1 [PackageName] WindowsEditor [ProjectName] Editor" joined alternative multi-casting on [225.0.0.222:34997]...

[Physics::Module] Initialized MultithreadedJobDispatcher with {0} workers.
Refreshing native plugins compatible for Editor in 172.80 ms, found 4 plugins.
Preloading 0 native plugins for Editor in 0.00 ms.
Initialize engine version: 2021.3.33f1 (ee5a2aa03ab2)
[Subsystems] Discovering subsystems at path E:/UnityEditor/2021.3.33f1/Editor/Data/Resources/UnitySubsystems
[Subsystems] Discovering subsystems at path E:/Project/PC/2D/Pokemon 2D/Assets
GfxDevice: creating device client; threaded=0; jobified=0
Direct3D:
    Version:  Direct3D 11.0 [level 11.1]
    Renderer: NVIDIA GeForce GTX 1650 (ID=0x1f9d)
    Vendor:   NVIDIA
    VRAM:     3962 MB
    Driver:   31.0.15.1748
Initialize mono
Mono path[0] = 'E:/UnityEditor/2021.3.33f1/Editor/Data/Managed'
Mono path[1] = 'E:/UnityEditor/2021.3.33f1/Editor/Data/MonoBleedingEdge/lib/mono/unityjit-win32'
Mono config path = 'E:/UnityEditor/2021.3.33f1/Editor/Data/MonoBleedingEdge/etc'
Using monoOptions --debugger-agent=transport=dt_socket,embedding=1,server=y,suspend=n,address=127.0.0.1:56908
Begin MonoManager ReloadAssembly
Registering precompiled unity dll's ...
Register platform support module: E:/UnityEditor/2021.3.33f1/Editor/Data/PlaybackEngines/WebGLSupport/UnityEditor.WebGL.Extensions.dll
Register platform support module: E:/UnityEditor/2021.3.33f1/Editor/Data/PlaybackEngines/AndroidPlayer/UnityEditor.Android.Extensions.dll
Register platform support module: E:/UnityEditor/2021.3.33f1/Editor/Data/PlaybackEngines/WindowsStandaloneSupport/UnityEditor.WindowsStandalone.Extensions.dll
Registered in 0.001723 seconds.
Native extension for WindowsStandalone target not found
Native extension for Android target not found
Android Extension - Scanning For ADB Devices 209 ms
Native extension for WebGL target not found
Refreshing native plugins compatible for Editor in 173.86 ms, found 4 plugins.
Preloading 0 native plugins for Editor in 0.00 ms.
Mono: successfully reloaded assembly
- Completed reload, in  0.974 seconds
Domain Reload Profiling:
	ReloadAssembly (975ms)
		BeginReloadAssembly (75ms)
			ExecutionOrderSort (0ms)
			DisableScriptedObjects (0ms)
			BackupInstance (0ms)
			ReleaseScriptingObjects (0ms)
			CreateAndSetChildDomain (1ms)
		EndReloadAssembly (826ms)
			LoadAssemblies (74ms)
			RebuildTransferFunctionScriptingTraits (0ms)
			SetupTypeCache (103ms)
			ReleaseScriptCaches (0ms)
			RebuildScriptCaches (25ms)
			SetupLoadedEditorAssemblies (656ms)
				LogAssemblyErrors (0ms)
				InitializePlatformSupportModulesInManaged (299ms)
				SetLoadedEditorAssemblies (0ms)
				RefreshPlugins (174ms)
				BeforeProcessingInitializeOnLoad (1ms)
				ProcessInitializeOnLoadAttributes (122ms)
				ProcessInitializeOnLoadMethodAttributes (59ms)
				AfterProcessingInitializeOnLoad (0ms)
				EditorAssembliesLoaded (0ms)
			ExecutionOrderSort2 (0ms)
			AwakeInstancesAfterBackupRestoration (0ms)
Platform modules already initialized, skipping
Registering precompiled user dll's ...
Registered in 0.003542 seconds.
Begin MonoManager ReloadAssembly
Native extension for WindowsStandalone target not found
Native extension for Android target not found
Native extension for WebGL target not found
Refreshing native plugins compatible for Editor in 168.79 ms, found 4 plugins.
Preloading 0 native plugins for Editor in 0.00 ms.
Package Manager log level set to [2]
[Package Manager] Server::EnsureServerProcessIsRunning -- launch failed, reason: Unity was launched with the -noUpm command-line argument
[Package Manager] Cannot connect to Unity Package Manager local server
Mono: successfully reloaded assembly
- Completed reload, in  1.882 seconds
Domain Reload Profiling:
	ReloadAssembly (1883ms)
		BeginReloadAssembly (118ms)
			ExecutionOrderSort (0ms)
			DisableScriptedObjects (5ms)
			BackupInstance (0ms)
			ReleaseScriptingObjects (0ms)
			CreateAndSetChildDomain (18ms)
		EndReloadAssembly (1619ms)
			LoadAssemblies (115ms)
			RebuildTransferFunctionScriptingTraits (0ms)
			SetupTypeCache (372ms)
			ReleaseScriptCaches (1ms)
			RebuildScriptCaches (83ms)
			SetupLoadedEditorAssemblies (1019ms)
				LogAssemblyErrors (0ms)
				InitializePlatformSupportModulesInManaged (18ms)
				SetLoadedEditorAssemblies (0ms)
				RefreshPlugins (169ms)
				BeforeProcessingInitializeOnLoad (120ms)
				ProcessInitializeOnLoadAttributes (620ms)
				ProcessInitializeOnLoadMethodAttributes (91ms)
				AfterProcessingInitializeOnLoad (2ms)
				EditorAssembliesLoaded (0ms)
			ExecutionOrderSort2 (0ms)
			AwakeInstancesAfterBackupRestoration (5ms)
Platform modules already initialized, skipping
========================================================================
Worker process is ready to serve import requests
Launched and connected shader compiler UnityShaderCompiler.exe after 0.03 seconds
Refreshing native plugins compatible for Editor in 1.81 ms, found 4 plugins.
Preloading 0 native plugins for Editor in 0.00 ms.
Unloading 5459 Unused Serialized files (Serialized files now loaded: 0)
Unloading 54 unused Assets / (0.8 MB). Loaded Objects now: 5912.
Memory consumption went from 225.7 MB to 224.9 MB.
Total: 3.692500 ms (FindLiveObjects: 0.453300 ms CreateObjectMapping: 0.232400 ms MarkObjects: 2.673400 ms  DeleteObjects: 0.332300 ms)

AssetImportParameters requested are different than current active one (requested -> active):
  custom:video-decoder-ogg-theora: a1e56fd34408186e4bbccfd4996cb3dc -> 
  custom:container-muxer-webm: aa71ff27fc2769a1b78a27578f13a17b -> 
  custom:container-demuxer-webm: 4f35f7cbe854078d1ac9338744f61a02 -> 
  custom:video-encoder-webm-vp8: eb34c28f22e8b96e1ab97ce403110664 -> 
  custom:video-codec-MediaFoundation-h265: 746d11721c4dcdbdad8f713fa42b33f4 -> 
  custom:CustomObjectIndexerAttribute: 6b0e35c9178b02a6363f3721b7b8e397 -> 
  custom:audio-encoder-webm-vorbis: bf7c407c2cedff20999df2af8eb42d56 -> 
  custom:framework-win-MediaFoundation: 216162199b28c13a410421893ffa2e32 -> 
  custom:SearchIndexIgnoredProperties: e643bd26f0fe6173181afceb89e7c659 -> 
  custom:container-demuxer-ogg: 62fdf1f143b41e24485cea50d1cbac27 -> 
  custom:video-decoder-webm-vp8: 9c59270c3fd7afecdb556c50c9e8de78 -> 
  custom:audio-decoder-ogg-vorbis: bf7c407c2cedff20999df2af8eb42d56 -> 
========================================================================
Received Import Request.
  Time since last request: 247.692488 seconds.
  path: Assets/External
  artifactKey: Guid(0cc4ce3369bcc304db01cf6f06263988) Importer(815301076,1909f56bfc062723c751e8b465ee728b)
Number of updated assets reloaded before import = 0
Start importing Assets/External using Guid(0cc4ce3369bcc304db01cf6f06263988) Importer(815301076,1909f56bfc062723c751e8b465ee728b)  -> (artifact id: '75d5abd6958112d8b7bcf759bbcddd01') in 0.016350 seconds 
Number of asset objects unloaded after import = 0
========================================================================
Received Import Request.
  Time since last request: 0.554657 seconds.
  path: Assets
  artifactKey: Guid(00000000000000001000000000000000) Importer(815301076,1909f56bfc062723c751e8b465ee728b)
Number of updated assets reloaded before import = 0
Start importing Assets using Guid(00000000000000001000000000000000) Importer(815301076,1909f56bfc062723c751e8b465ee728b)  -> (artifact id: '79842766b460edbeab6a34051e857a80') in 0.006896 seconds 
Number of asset objects unloaded after import = 0
========================================================================
Received Import Request.
  Time since last request: 4.379518 seconds.
  path: Assets/Internal
  artifactKey: Guid(3434dcf4041c18047bbdf7c9e27c5a42) Importer(815301076,1909f56bfc062723c751e8b465ee728b)
Number of updated assets reloaded before import = 0
Start importing Assets/Internal using Guid(3434dcf4041c18047bbdf7c9e27c5a42) Importer(815301076,1909f56bfc062723c751e8b465ee728b)  -> (artifact id: 'cce0ab0f6da8f0f91ca37e4bd08e522b') in 0.006497 seconds 
Number of asset objects unloaded after import = 0
========================================================================
Received Import Request.
  Time since last request: 4.248291 seconds.
  path: Assets/Local
  artifactKey: Guid(a1b74c84d27c30140a4d2a96b0c262da) Importer(815301076,1909f56bfc062723c751e8b465ee728b)
Number of updated assets reloaded before import = 0
Start importing Assets/Local using Guid(a1b74c84d27c30140a4d2a96b0c262da) Importer(815301076,1909f56bfc062723c751e8b465ee728b)  -> (artifact id: '1940651f46b4c1256cc2e9ba00193a72') in 0.006575 seconds 
Number of asset objects unloaded after import = 0
========================================================================
Received Import Request.
  Time since last request: 48.052256 seconds.
  path: Assets/Scenes/SampleScene.unity
  artifactKey: Guid(8c9cfa26abfee488c85f1582747f6a02) Importer(815301076,1909f56bfc062723c751e8b465ee728b)
Number of updated assets reloaded before import = 0
Start importing Assets/Scenes/SampleScene.unity using Guid(8c9cfa26abfee488c85f1582747f6a02) Importer(815301076,1909f56bfc062723c751e8b465ee728b)  -> (artifact id: 'aa03306ee556725ee1b91afa648f63ad') in 0.007650 seconds 
Number of asset objects unloaded after import = 0
========================================================================
Received Import Request.
  Time since last request: 149.389135 seconds.
  path: Assets/TileMap
  artifactKey: Guid(598fb8ea3a04d054a908a186e8339081) Importer(815301076,1909f56bfc062723c751e8b465ee728b)
Number of updated assets reloaded before import = 0
Start importing Assets/TileMap using Guid(598fb8ea3a04d054a908a186e8339081) Importer(815301076,1909f56bfc062723c751e8b465ee728b)  -> (artifact id: '11a6881c05748f37efce6d1b284a1a17') in 0.007269 seconds 
Number of asset objects unloaded after import = 0
========================================================================
Received Import Request.
  Time since last request: 19.257484 seconds.
  path: Assets/External/Cainos/Pixel Art Top Down - Basic/Texture/TX Plant.png
  artifactKey: Guid(c3a40e1c46727b94e959990527f8e7fa) Importer(815301076,1909f56bfc062723c751e8b465ee728b)
Number of updated assets reloaded before import = 0
Start importing Assets/External/Cainos/Pixel Art Top Down - Basic/Texture/TX Plant.png using Guid(c3a40e1c46727b94e959990527f8e7fa) Importer(815301076,1909f56bfc062723c751e8b465ee728b)  -> (artifact id: '240bef172f961a6c161360a5d546d2b0') in 0.176671 seconds 
Number of asset objects unloaded after import = 30
========================================================================
Received Import Request.
  Time since last request: 0.000029 seconds.
  path: Assets/External/Cainos/Pixel Art Top Down - Basic/Texture/TX Tileset Grass.png
  artifactKey: Guid(1c9ed9d1200c29d4cbfd2071028c1cd5) Importer(815301076,1909f56bfc062723c751e8b465ee728b)
Number of updated assets reloaded before import = 0
Start importing Assets/External/Cainos/Pixel Art Top Down - Basic/Texture/TX Tileset Grass.png using Guid(1c9ed9d1200c29d4cbfd2071028c1cd5) Importer(815301076,1909f56bfc062723c751e8b465ee728b)  -> (artifact id: '7f3caf806827b0a3e4296bfc7aa96d77') in 0.156838 seconds 
Number of asset objects unloaded after import = 66
========================================================================
Received Import Request.
  Time since last request: 0.000040 seconds.
  path: Assets/External/Cainos/Pixel Art Top Down - Basic/Texture/TX Shadow Plant.png
  artifactKey: Guid(8501e10b1eafde34586080ba342fdc0e) Importer(815301076,1909f56bfc062723c751e8b465ee728b)
Number of updated assets reloaded before import = 0
Start importing Assets/External/Cainos/Pixel Art Top Down - Basic/Texture/TX Shadow Plant.png using Guid(8501e10b1eafde34586080ba342fdc0e) Importer(815301076,1909f56bfc062723c751e8b465ee728b)  -> (artifact id: '2261c0cbf20820616292d3c9097035d7') in 0.038527 seconds 
Number of asset objects unloaded after import = 11
========================================================================
Received Import Request.
  Time since last request: 0.000020 seconds.
  path: Assets/External/Cainos/Pixel Art Top Down - Basic/Texture/TX Shadow.png
  artifactKey: Guid(ed7554aeefd5da44a9fe1ee9b93afe77) Importer(815301076,1909f56bfc062723c751e8b465ee728b)
Number of updated assets reloaded before import = 0
Start importing Assets/External/Cainos/Pixel Art Top Down - Basic/Texture/TX Shadow.png using Guid(ed7554aeefd5da44a9fe1ee9b93afe77) Importer(815301076,1909f56bfc062723c751e8b465ee728b)  -> (artifact id: 'a66a5462971c8fb4a6292f5e94de0d66') in 0.113267 seconds 
Number of asset objects unloaded after import = 45
========================================================================
Received Import Request.
  Time since last request: 20.883071 seconds.
  path: Assets/External/Cainos/Pixel Art Top Down - Basic/Tile Palette/TP Grass/TX Tileset Grass 1.asset
  artifactKey: Guid(ae68d965a4218a94ca2134f0ae2007c4) Importer(815301076,1909f56bfc062723c751e8b465ee728b)
Number of updated assets reloaded before import = 0
Start importing Assets/External/Cainos/Pixel Art Top Down - Basic/Tile Palette/TP Grass/TX Tileset Grass 1.asset using Guid(ae68d965a4218a94ca2134f0ae2007c4) Importer(815301076,1909f56bfc062723c751e8b465ee728b)  -> (artifact id: '3052efbe9acd9e352c56abdf7a42fedd') in 0.046549 seconds 
Number of asset objects unloaded after import = 3
========================================================================
Received Import Request.
  Time since last request: 0.000040 seconds.
  path: Assets/External/Cainos/Pixel Art Top Down - Basic/Tile Palette/TP Grass/TX Tileset Grass Flower 4.asset
  artifactKey: Guid(34303d25145ab104f8fabf97fe65552d) Importer(815301076,1909f56bfc062723c751e8b465ee728b)
Number of updated assets reloaded before import = 0
Start importing Assets/External/Cainos/Pixel Art Top Down - Basic/Tile Palette/TP Grass/TX Tileset Grass Flower 4.asset using Guid(34303d25145ab104f8fabf97fe65552d) Importer(815301076,1909f56bfc062723c751e8b465ee728b)  -> (artifact id: 'bc2f7f72b2a69844d3a22aaa48f9a8d4') in 0.015179 seconds 
Number of asset objects unloaded after import = 3
========================================================================
Received Import Request.
  Time since last request: 0.000027 seconds.
  path: Assets/External/Cainos/Pixel Art Top Down - Basic/Tile Palette/TP Grass/TX Tileset Grass 8.asset
  artifactKey: Guid(5451d01092d6a0947a1059da45c09ebe) Importer(815301076,1909f56bfc062723c751e8b465ee728b)
Number of updated assets reloaded before import = 0
Start importing Assets/External/Cainos/Pixel Art Top Down - Basic/Tile Palette/TP Grass/TX Tileset Grass 8.asset using Guid(5451d01092d6a0947a1059da45c09ebe) Importer(815301076,1909f56bfc062723c751e8b465ee728b)  -> (artifact id: '4a9be0f92d3eec1b1531767186e0c48a') in 0.015960 seconds 
Number of asset objects unloaded after import = 3
========================================================================
Received Import Request.
  Time since last request: 0.000020 seconds.
  path: Assets/External/Cainos/Pixel Art Top Down - Basic/Tile Palette/TP Grass/TX Tileset Grass Flower 1.asset
  artifactKey: Guid(abe9370c58435f244a894542a9d0f78d) Importer(815301076,1909f56bfc062723c751e8b465ee728b)
Number of updated assets reloaded before import = 0
Start importing Assets/External/Cainos/Pixel Art Top Down - Basic/Tile Palette/TP Grass/TX Tileset Grass Flower 1.asset using Guid(abe9370c58435f244a894542a9d0f78d) Importer(815301076,1909f56bfc062723c751e8b465ee728b)  -> (artifact id: 'b256af48f035e331c30cdc14e7826715') in 0.013370 seconds 
Number of asset objects unloaded after import = 3
========================================================================
Received Import Request.
  Time since last request: 0.000021 seconds.
  path: Assets/External/Cainos/Pixel Art Top Down - Basic/Tile Palette/TP Grass/TX Tileset Grass Flower 6.asset
  artifactKey: Guid(162b2c3c7ed3c8240995ad1799a0339a) Importer(815301076,1909f56bfc062723c751e8b465ee728b)
Number of updated assets reloaded before import = 0
Start importing Assets/External/Cainos/Pixel Art Top Down - Basic/Tile Palette/TP Grass/TX Tileset Grass Flower 6.asset using Guid(162b2c3c7ed3c8240995ad1799a0339a) Importer(815301076,1909f56bfc062723c751e8b465ee728b)  -> (artifact id: 'a1285d7be5c128fd0360451949fcb1f9') in 0.012989 seconds 
Number of asset objects unloaded after import = 3
========================================================================
Received Import Request.
  Time since last request: 0.000023 seconds.
  path: Assets/External/Cainos/Pixel Art Top Down - Basic/Tile Palette/TP Grass/TX Tileset Grass Flower 5.asset
  artifactKey: Guid(fedd651a42c94b044bf92e0da3bb53df) Importer(815301076,1909f56bfc062723c751e8b465ee728b)
Number of updated assets reloaded before import = 0
Start importing Assets/External/Cainos/Pixel Art Top Down - Basic/Tile Palette/TP Grass/TX Tileset Grass Flower 5.asset using Guid(fedd651a42c94b044bf92e0da3bb53df) Importer(815301076,1909f56bfc062723c751e8b465ee728b)  -> (artifact id: 'c0faabec2e8470443dea212253760a98') in 0.014508 seconds 
Number of asset objects unloaded after import = 3
========================================================================
Received Import Request.
  Time since last request: 0.000031 seconds.
  path: Assets/External/Cainos/Pixel Art Top Down - Basic/Tile Palette/TP Grass/TX Tileset Grass Flower 10.asset
  artifactKey: Guid(5b0fa72a7621582478a135416a07cddb) Importer(815301076,1909f56bfc062723c751e8b465ee728b)
Number of updated assets reloaded before import = 0
Start importing Assets/External/Cainos/Pixel Art Top Down - Basic/Tile Palette/TP Grass/TX Tileset Grass Flower 10.asset using Guid(5b0fa72a7621582478a135416a07cddb) Importer(815301076,1909f56bfc062723c751e8b465ee728b)  -> (artifact id: 'cda1732017441f4a699991498e8a2c7b') in 0.012438 seconds 
Number of asset objects unloaded after import = 3
========================================================================
Received Import Request.
  Time since last request: 0.000020 seconds.
  path: Assets/External/Cainos/Pixel Art Top Down - Basic/Tile Palette/TP Grass/TX Tileset Grass 13.asset
  artifactKey: Guid(8143e435c2ff5f342951e4e9991c11ea) Importer(815301076,1909f56bfc062723c751e8b465ee728b)
Number of updated assets reloaded before import = 0
Start importing Assets/External/Cainos/Pixel Art Top Down - Basic/Tile Palette/TP Grass/TX Tileset Grass 13.asset using Guid(8143e435c2ff5f342951e4e9991c11ea) Importer(815301076,1909f56bfc062723c751e8b465ee728b)  -> (artifact id: '7135eff20d9182693c51bf1c2102852e') in 0.015569 seconds 
Number of asset objects unloaded after import = 3
========================================================================
Received Import Request.
  Time since last request: 0.000028 seconds.
  path: Assets/External/Cainos/Pixel Art Top Down - Basic/Tile Palette/TP Grass/TX Tileset Grass 14.asset
  artifactKey: Guid(f705d9780fd6a6847a33cc62a5c4b9ac) Importer(815301076,1909f56bfc062723c751e8b465ee728b)
Number of updated assets reloaded before import = 0
Start importing Assets/External/Cainos/Pixel Art Top Down - Basic/Tile Palette/TP Grass/TX Tileset Grass 14.asset using Guid(f705d9780fd6a6847a33cc62a5c4b9ac) Importer(815301076,1909f56bfc062723c751e8b465ee728b)  -> (artifact id: 'f638a7f9a0ee4a008a7bb72660f6c278') in 0.012880 seconds 
Number of asset objects unloaded after import = 3
========================================================================
Received Import Request.
  Time since last request: 0.000043 seconds.
  path: Assets/External/Cainos/Pixel Art Top Down - Basic/Tile Palette/TP Grass/TX Tileset Grass 6.asset
  artifactKey: Guid(463040bb33823754e9e159a83e20321a) Importer(815301076,1909f56bfc062723c751e8b465ee728b)
Number of updated assets reloaded before import = 0
Start importing Assets/External/Cainos/Pixel Art Top Down - Basic/Tile Palette/TP Grass/TX Tileset Grass 6.asset using Guid(463040bb33823754e9e159a83e20321a) Importer(815301076,1909f56bfc062723c751e8b465ee728b)  -> (artifact id: '35909ea749be59f17185f733788f920f') in 0.011466 seconds 
Number of asset objects unloaded after import = 3
========================================================================
Received Import Request.
  Time since last request: 0.397940 seconds.
  path: Assets/External/Cainos/Pixel Art Top Down - Basic/Tile Palette/TP Stone Ground/TX Tileset Stone Ground_1.asset
  artifactKey: Guid(25ecd62c3dae4eb418ab0ff556e51195) Importer(815301076,1909f56bfc062723c751e8b465ee728b)
Number of updated assets reloaded before import = 0
Start importing Assets/External/Cainos/Pixel Art Top Down - Basic/Tile Palette/TP Stone Ground/TX Tileset Stone Ground_1.asset using Guid(25ecd62c3dae4eb418ab0ff556e51195) Importer(815301076,1909f56bfc062723c751e8b465ee728b)  -> (artifact id: 'aa6daeedca16141d7d3e08c2a7432aad') in 0.011839 seconds 
Number of asset objects unloaded after import = 3
========================================================================
Received Import Request.
  Time since last request: 0.000021 seconds.
  path: Assets/External/Cainos/Pixel Art Top Down - Basic/Tile Palette/TP Stone Ground/TX Tileset Stone Ground_22.asset
  artifactKey: Guid(465893449d5293b4eb51f98fe4b64102) Importer(815301076,1909f56bfc062723c751e8b465ee728b)
Number of updated assets reloaded before import = 0
Start importing Assets/External/Cainos/Pixel Art Top Down - Basic/Tile Palette/TP Stone Ground/TX Tileset Stone Ground_22.asset using Guid(465893449d5293b4eb51f98fe4b64102) Importer(815301076,1909f56bfc062723c751e8b465ee728b)  -> (artifact id: 'a13e5b69a8922797ecec25fb5bcbe92c') in 0.012132 seconds 
Number of asset objects unloaded after import = 3
========================================================================
Received Import Request.
  Time since last request: 0.000030 seconds.
  path: Assets/External/Cainos/Pixel Art Top Down - Basic/Tile Palette/TP Stone Ground/TX Tileset Stone Ground_26.asset
  artifactKey: Guid(2074032077ed0f24da0353a406726e3b) Importer(815301076,1909f56bfc062723c751e8b465ee728b)
Number of updated assets reloaded before import = 0
Start importing Assets/External/Cainos/Pixel Art Top Down - Basic/Tile Palette/TP Stone Ground/TX Tileset Stone Ground_26.asset using Guid(2074032077ed0f24da0353a406726e3b) Importer(815301076,1909f56bfc062723c751e8b465ee728b)  -> (artifact id: 'e4d19bcde7f7b2315643b2380f9a60ec') in 0.013585 seconds 
Number of asset objects unloaded after import = 3
========================================================================
Received Import Request.
  Time since last request: 0.000024 seconds.
  path: Assets/External/Cainos/Pixel Art Top Down - Basic/Tile Palette/TP Stone Ground/TX Tileset Stone Ground_16.asset
  artifactKey: Guid(9adc64847915fb44dbb13ed54821f7f3) Importer(815301076,1909f56bfc062723c751e8b465ee728b)
Number of updated assets reloaded before import = 0
Start importing Assets/External/Cainos/Pixel Art Top Down - Basic/Tile Palette/TP Stone Ground/TX Tileset Stone Ground_16.asset using Guid(9adc64847915fb44dbb13ed54821f7f3) Importer(815301076,1909f56bfc062723c751e8b465ee728b)  -> (artifact id: '6c42185a6b89f43eb79ab120098c7abc') in 0.012810 seconds 
Number of asset objects unloaded after import = 3
========================================================================
Received Import Request.
  Time since last request: 0.000021 seconds.
  path: Assets/External/Cainos/Pixel Art Top Down - Basic/Tile Palette/TP Stone Ground/TX Tileset Stone Ground_4.asset
  artifactKey: Guid(9ddec2508ba86d049ad1a5db035fccd9) Importer(815301076,1909f56bfc062723c751e8b465ee728b)
Number of updated assets reloaded before import = 0
Start importing Assets/External/Cainos/Pixel Art Top Down - Basic/Tile Palette/TP Stone Ground/TX Tileset Stone Ground_4.asset using Guid(9ddec2508ba86d049ad1a5db035fccd9) Importer(815301076,1909f56bfc062723c751e8b465ee728b)  -> (artifact id: '58705732eb2da179bacb6fc9e7888a2f') in 0.011620 seconds 
Number of asset objects unloaded after import = 3
========================================================================
Received Import Request.
  Time since last request: 0.000021 seconds.
  path: Assets/External/Cainos/Pixel Art Top Down - Basic/Tile Palette/TP Stone Ground/TX Tileset Stone Ground_27.asset
  artifactKey: Guid(96945c2584c47b44ebe75d015b3cde49) Importer(815301076,1909f56bfc062723c751e8b465ee728b)
Number of updated assets reloaded before import = 0
Start importing Assets/External/Cainos/Pixel Art Top Down - Basic/Tile Palette/TP Stone Ground/TX Tileset Stone Ground_27.asset using Guid(96945c2584c47b44ebe75d015b3cde49) Importer(815301076,1909f56bfc062723c751e8b465ee728b)  -> (artifact id: '4615be796624c170ef00e43e9caa74fe') in 0.013527 seconds 
Number of asset objects unloaded after import = 3
========================================================================
Received Import Request.
  Time since last request: 0.000019 seconds.
  path: Assets/External/Cainos/Pixel Art Top Down - Basic/Tile Palette/TP Stone Ground/TX Tileset Stone Ground_13.asset
  artifactKey: Guid(9c5fb1582d999bc4b83efb5c4bd7b71b) Importer(815301076,1909f56bfc062723c751e8b465ee728b)
Number of updated assets reloaded before import = 0
Start importing Assets/External/Cainos/Pixel Art Top Down - Basic/Tile Palette/TP Stone Ground/TX Tileset Stone Ground_13.asset using Guid(9c5fb1582d999bc4b83efb5c4bd7b71b) Importer(815301076,1909f56bfc062723c751e8b465ee728b)  -> (artifact id: '7d0615504bd800eb723acab51dd57932') in 0.010913 seconds 
Number of asset objects unloaded after import = 3
========================================================================
Received Import Request.
  Time since last request: 0.000018 seconds.
  path: Assets/External/Cainos/Pixel Art Top Down - Basic/Tile Palette/TP Stone Ground/TX Tileset Stone Ground_25.asset
  artifactKey: Guid(4d9beb44058664246934faa275dafb48) Importer(815301076,1909f56bfc062723c751e8b465ee728b)
Number of updated assets reloaded before import = 0
Start importing Assets/External/Cainos/Pixel Art Top Down - Basic/Tile Palette/TP Stone Ground/TX Tileset Stone Ground_25.asset using Guid(4d9beb44058664246934faa275dafb48) Importer(815301076,1909f56bfc062723c751e8b465ee728b)  -> (artifact id: '8fce63237884bbf0a4f9e6e82e95728f') in 0.012416 seconds 
Number of asset objects unloaded after import = 3
========================================================================
Received Import Request.
  Time since last request: 0.000041 seconds.
  path: Assets/External/Cainos/Pixel Art Top Down - Basic/Tile Palette/TP Stone Ground/TX Tileset Stone Ground_7.asset
  artifactKey: Guid(7ce0e64acc4968343b4d0742ee6963a8) Importer(815301076,1909f56bfc062723c751e8b465ee728b)
Number of updated assets reloaded before import = 0
Start importing Assets/External/Cainos/Pixel Art Top Down - Basic/Tile Palette/TP Stone Ground/TX Tileset Stone Ground_7.asset using Guid(7ce0e64acc4968343b4d0742ee6963a8) Importer(815301076,1909f56bfc062723c751e8b465ee728b)  -> (artifact id: '9f00703e87322a7d416309604f46ab30') in 0.012322 seconds 
Number of asset objects unloaded after import = 3
========================================================================
Received Import Request.
  Time since last request: 0.000073 seconds.
  path: Assets/External/Cainos/Pixel Art Top Down - Basic/Tile Palette/TP Stone Ground/TX Tileset Stone Ground_28.asset
  artifactKey: Guid(263019a6872a03d43ba1d0e880c6cbe7) Importer(815301076,1909f56bfc062723c751e8b465ee728b)
Number of updated assets reloaded before import = 0
Start importing Assets/External/Cainos/Pixel Art Top Down - Basic/Tile Palette/TP Stone Ground/TX Tileset Stone Ground_28.asset using Guid(263019a6872a03d43ba1d0e880c6cbe7) Importer(815301076,1909f56bfc062723c751e8b465ee728b)  -> (artifact id: '9ba5e6461f4de7f218c2b9c6dee0b2bb') in 0.011708 seconds 
Number of asset objects unloaded after import = 3
========================================================================
Received Import Request.
  Time since last request: 0.512698 seconds.
  path: Assets/External/Cainos/Pixel Art Top Down - Basic/Tile Palette/TP Wall/TX Shadow Tileset Wall 2.asset
  artifactKey: Guid(2f3b07d6ad9eccc47b6cd451a5df9a45) Importer(815301076,1909f56bfc062723c751e8b465ee728b)
Number of updated assets reloaded before import = 0
Start importing Assets/External/Cainos/Pixel Art Top Down - Basic/Tile Palette/TP Wall/TX Shadow Tileset Wall 2.asset using Guid(2f3b07d6ad9eccc47b6cd451a5df9a45) Importer(815301076,1909f56bfc062723c751e8b465ee728b)  -> (artifact id: '2b9bfc80a21baadcfebee07470667ec7') in 0.015001 seconds 
Number of asset objects unloaded after import = 3
========================================================================
Received Import Request.
  Time since last request: 0.000054 seconds.
  path: Assets/External/Cainos/Pixel Art Top Down - Basic/Tile Palette/TP Wall/TX Tileset Wall_23.asset
  artifactKey: Guid(4eda2498ff988b547a51a6ed8b86529e) Importer(815301076,1909f56bfc062723c751e8b465ee728b)
Number of updated assets reloaded before import = 0
Start importing Assets/External/Cainos/Pixel Art Top Down - Basic/Tile Palette/TP Wall/TX Tileset Wall_23.asset using Guid(4eda2498ff988b547a51a6ed8b86529e) Importer(815301076,1909f56bfc062723c751e8b465ee728b)  -> (artifact id: '5feadcdf0532ca3f219d9d8f9dc50d4d') in 0.015454 seconds 
Number of asset objects unloaded after import = 3
========================================================================
Received Import Request.
  Time since last request: 0.000022 seconds.
  path: Assets/External/Cainos/Pixel Art Top Down - Basic/Tile Palette/TP Wall/TX Tileset Wall_0.asset
  artifactKey: Guid(adf1e302fb349784ba09184eb69dfd8f) Importer(815301076,1909f56bfc062723c751e8b465ee728b)
Number of updated assets reloaded before import = 0
Start importing Assets/External/Cainos/Pixel Art Top Down - Basic/Tile Palette/TP Wall/TX Tileset Wall_0.asset using Guid(adf1e302fb349784ba09184eb69dfd8f) Importer(815301076,1909f56bfc062723c751e8b465ee728b)  -> (artifact id: '4f5f926e3a01624e8436e67637413951') in 0.014736 seconds 
Number of asset objects unloaded after import = 3
========================================================================
Received Import Request.
  Time since last request: 0.000018 seconds.
  path: Assets/External/Cainos/Pixel Art Top Down - Basic/Tile Palette/TP Wall/TX Tileset Wall_14.asset
  artifactKey: Guid(f5bce4b9585a8514e81572c61b5b6460) Importer(815301076,1909f56bfc062723c751e8b465ee728b)
Number of updated assets reloaded before import = 0
Start importing Assets/External/Cainos/Pixel Art Top Down - Basic/Tile Palette/TP Wall/TX Tileset Wall_14.asset using Guid(f5bce4b9585a8514e81572c61b5b6460) Importer(815301076,1909f56bfc062723c751e8b465ee728b)  -> (artifact id: 'eb1cb8afdc6c56bcb954e8a496330314') in 0.014304 seconds 
Number of asset objects unloaded after import = 3
========================================================================
Received Import Request.
  Time since last request: 0.000029 seconds.
  path: Assets/External/Cainos/Pixel Art Top Down - Basic/Tile Palette/TP Wall/TX Tileset Wall_3.asset
  artifactKey: Guid(e56da427db9e7c147b3012603805adf9) Importer(815301076,1909f56bfc062723c751e8b465ee728b)
Number of updated assets reloaded before import = 0
Start importing Assets/External/Cainos/Pixel Art Top Down - Basic/Tile Palette/TP Wall/TX Tileset Wall_3.asset using Guid(e56da427db9e7c147b3012603805adf9) Importer(815301076,1909f56bfc062723c751e8b465ee728b)  -> (artifact id: '040df4b242e1719ab41ebfce93d3ddf7') in 0.013606 seconds 
Number of asset objects unloaded after import = 3
========================================================================
Received Import Request.
  Time since last request: 0.000024 seconds.
  path: Assets/External/Cainos/Pixel Art Top Down - Basic/Tile Palette/TP Wall/TX Tileset Wall_11.asset
  artifactKey: Guid(36e182cf0ef2dec409ddaf4c55dad76e) Importer(815301076,1909f56bfc062723c751e8b465ee728b)
Number of updated assets reloaded before import = 0
Start importing Assets/External/Cainos/Pixel Art Top Down - Basic/Tile Palette/TP Wall/TX Tileset Wall_11.asset using Guid(36e182cf0ef2dec409ddaf4c55dad76e) Importer(815301076,1909f56bfc062723c751e8b465ee728b)  -> (artifact id: '53e308627d2889894937d0f784eeb8b4') in 0.012616 seconds 
Number of asset objects unloaded after import = 3
========================================================================
Received Import Request.
  Time since last request: 0.000029 seconds.
  path: Assets/External/Cainos/Pixel Art Top Down - Basic/Tile Palette/TP Wall/TX Tileset Wall_7.asset
  artifactKey: Guid(efe5594aca34f2745a57662f43377928) Importer(815301076,1909f56bfc062723c751e8b465ee728b)
Number of updated assets reloaded before import = 0
Start importing Assets/External/Cainos/Pixel Art Top Down - Basic/Tile Palette/TP Wall/TX Tileset Wall_7.asset using Guid(efe5594aca34f2745a57662f43377928) Importer(815301076,1909f56bfc062723c751e8b465ee728b)  -> (artifact id: '9c664e9333fd750f269e15be3d97cb85') in 0.014161 seconds 
Number of asset objects unloaded after import = 3
========================================================================
Received Import Request.
  Time since last request: 0.000019 seconds.
  path: Assets/External/Cainos/Pixel Art Top Down - Basic/Tile Palette/TP Wall/TX Tileset Wall_4.asset
  artifactKey: Guid(b6bf52d8442ce1847a688215b6ba04da) Importer(815301076,1909f56bfc062723c751e8b465ee728b)
Number of updated assets reloaded before import = 0
Start importing Assets/External/Cainos/Pixel Art Top Down - Basic/Tile Palette/TP Wall/TX Tileset Wall_4.asset using Guid(b6bf52d8442ce1847a688215b6ba04da) Importer(815301076,1909f56bfc062723c751e8b465ee728b)  -> (artifact id: '0acb05321ce9917abb603630d6ce9618') in 0.028409 seconds 
Number of asset objects unloaded after import = 3
========================================================================
Received Import Request.
  Time since last request: 0.000021 seconds.
  path: Assets/External/Cainos/Pixel Art Top Down - Basic/Tile Palette/TP Wall/TX Tileset Wall_16.asset
  artifactKey: Guid(503914639ae436b4e82c313961715c35) Importer(815301076,1909f56bfc062723c751e8b465ee728b)
Number of updated assets reloaded before import = 0
Start importing Assets/External/Cainos/Pixel Art Top Down - Basic/Tile Palette/TP Wall/TX Tileset Wall_16.asset using Guid(503914639ae436b4e82c313961715c35) Importer(815301076,1909f56bfc062723c751e8b465ee728b)  -> (artifact id: '7f6e44e839b93fba409f8ce2a7fbb6d6') in 0.011873 seconds 
Number of asset objects unloaded after import = 3
========================================================================
Received Import Request.
  Time since last request: 0.000024 seconds.
  path: Assets/External/Cainos/Pixel Art Top Down - Basic/Tile Palette/TP Wall/TX Tileset Wall_17.asset
  artifactKey: Guid(91cb03f8c22d3984389f65d131eeb946) Importer(815301076,1909f56bfc062723c751e8b465ee728b)
Number of updated assets reloaded before import = 0
Start importing Assets/External/Cainos/Pixel Art Top Down - Basic/Tile Palette/TP Wall/TX Tileset Wall_17.asset using Guid(91cb03f8c22d3984389f65d131eeb946) Importer(815301076,1909f56bfc062723c751e8b465ee728b)  -> (artifact id: '7e18938c27d2418feaf67e4761182a71') in 0.011605 seconds 
Number of asset objects unloaded after import = 3
========================================================================
Received Import Request.
  Time since last request: 4.197363 seconds.
  path: Assets/External/Cainos/Pixel Art Top Down - Basic/Prefab/Plant/PF Grass A.prefab
  artifactKey: Guid(a0a66c9b152e801409fc26c4ca493d18) Importer(815301076,1909f56bfc062723c751e8b465ee728b)
Number of updated assets reloaded before import = 0
Start importing Assets/External/Cainos/Pixel Art Top Down - Basic/Prefab/Plant/PF Grass A.prefab using Guid(a0a66c9b152e801409fc26c4ca493d18) Importer(815301076,1909f56bfc062723c751e8b465ee728b)  -> (artifact id: '8e34240c822edc97ab7c73a57b6984bb') in 0.233456 seconds 
Number of asset objects unloaded after import = 18
========================================================================
Received Import Request.
  Time since last request: 0.000042 seconds.
  path: Assets/External/Cainos/Pixel Art Top Down - Basic/Prefab/Plant/PF Grass D.prefab
  artifactKey: Guid(fd980c817c63af4458df40a61e529e93) Importer(815301076,1909f56bfc062723c751e8b465ee728b)
Number of updated assets reloaded before import = 0
Start importing Assets/External/Cainos/Pixel Art Top Down - Basic/Prefab/Plant/PF Grass D.prefab using Guid(fd980c817c63af4458df40a61e529e93) Importer(815301076,1909f56bfc062723c751e8b465ee728b)  -> (artifact id: '4482d8ca95f4f5da075bd091a2c66f69') in 0.017562 seconds 
Number of asset objects unloaded after import = 8
========================================================================
Received Import Request.
  Time since last request: 0.000034 seconds.
  path: Assets/External/Cainos/Pixel Art Top Down - Basic/Prefab/Plant/PF Grass J.prefab
  artifactKey: Guid(dbeab85cbe3b90b41a444794aab794ef) Importer(815301076,1909f56bfc062723c751e8b465ee728b)
Number of updated assets reloaded before import = 0
Start importing Assets/External/Cainos/Pixel Art Top Down - Basic/Prefab/Plant/PF Grass J.prefab using Guid(dbeab85cbe3b90b41a444794aab794ef) Importer(815301076,1909f56bfc062723c751e8b465ee728b)  -> (artifact id: '60fb89f0d0f525620d88b7485e33c0a5') in 0.016770 seconds 
Number of asset objects unloaded after import = 8
========================================================================
Received Import Request.
  Time since last request: 0.000032 seconds.
  path: Assets/External/Cainos/Pixel Art Top Down - Basic/Prefab/Plant/PF Grass C.prefab
  artifactKey: Guid(403080d7568a4f949b4bfc7128477a8c) Importer(815301076,1909f56bfc062723c751e8b465ee728b)
Number of updated assets reloaded before import = 0
Start importing Assets/External/Cainos/Pixel Art Top Down - Basic/Prefab/Plant/PF Grass C.prefab using Guid(403080d7568a4f949b4bfc7128477a8c) Importer(815301076,1909f56bfc062723c751e8b465ee728b)  -> (artifact id: '16e242d5f5c210d37722aa9d6c43e76e') in 0.016244 seconds 
Number of asset objects unloaded after import = 8
========================================================================
Received Import Request.
  Time since last request: 0.000027 seconds.
  path: Assets/External/Cainos/Pixel Art Top Down - Basic/Prefab/Plant/PF Props Bush T2.prefab
  artifactKey: Guid(5b94bf9107369684a8153921f763da38) Importer(815301076,1909f56bfc062723c751e8b465ee728b)
Number of updated assets reloaded before import = 0
Start importing Assets/External/Cainos/Pixel Art Top Down - Basic/Prefab/Plant/PF Props Bush T2.prefab using Guid(5b94bf9107369684a8153921f763da38) Importer(815301076,1909f56bfc062723c751e8b465ee728b)  -> (artifact id: 'c42d0c2fe42bbbe2cc97e134f62bc5e1') in 0.067575 seconds 
Number of asset objects unloaded after import = 17
========================================================================
Received Import Request.
  Time since last request: 0.000021 seconds.
  path: Assets/External/Cainos/Pixel Art Top Down - Basic/Prefab/Plant/PF Grass F.prefab
  artifactKey: Guid(84d669757910f1f488023c92e71fcad5) Importer(815301076,1909f56bfc062723c751e8b465ee728b)
Number of updated assets reloaded before import = 0
Start importing Assets/External/Cainos/Pixel Art Top Down - Basic/Prefab/Plant/PF Grass F.prefab using Guid(84d669757910f1f488023c92e71fcad5) Importer(815301076,1909f56bfc062723c751e8b465ee728b)  -> (artifact id: 'b5d1051f1699a2b8eb75a01f461be2fe') in 0.019131 seconds 
Number of asset objects unloaded after import = 8
========================================================================
Received Import Request.
  Time since last request: 0.000028 seconds.
  path: Assets/External/Cainos/Pixel Art Top Down - Basic/Prefab/Plant/PF Grass H.prefab
  artifactKey: Guid(8c66149e58003104daf96668db118b4f) Importer(815301076,1909f56bfc062723c751e8b465ee728b)
Number of updated assets reloaded before import = 0
Start importing Assets/External/Cainos/Pixel Art Top Down - Basic/Prefab/Plant/PF Grass H.prefab using Guid(8c66149e58003104daf96668db118b4f) Importer(815301076,1909f56bfc062723c751e8b465ee728b)  -> (artifact id: '21e68b040dfbaad104e335d623d61803') in 0.015013 seconds 
Number of asset objects unloaded after import = 8
========================================================================
Received Import Request.
  Time since last request: 0.000034 seconds.
  path: Assets/External/Cainos/Pixel Art Top Down - Basic/Prefab/Plant/PF Props Bush T3.prefab
  artifactKey: Guid(0505844a909d2ea4996c19b67b2a40b9) Importer(815301076,1909f56bfc062723c751e8b465ee728b)
Number of updated assets reloaded before import = 0
Start importing Assets/External/Cainos/Pixel Art Top Down - Basic/Prefab/Plant/PF Props Bush T3.prefab using Guid(0505844a909d2ea4996c19b67b2a40b9) Importer(815301076,1909f56bfc062723c751e8b465ee728b)  -> (artifact id: '3bf30c215338a626c75ced362f82cd78') in 0.019746 seconds 
Number of asset objects unloaded after import = 17
========================================================================
Received Import Request.
  Time since last request: 0.961504 seconds.
  path: Assets/External/Cainos/Pixel Art Top Down - Basic/Prefab/Props/PF Gate T2.prefab
  artifactKey: Guid(b95acdc3b0c1a444c87723520fbab2f0) Importer(815301076,1909f56bfc062723c751e8b465ee728b)
Number of updated assets reloaded before import = 0
Start importing Assets/External/Cainos/Pixel Art Top Down - Basic/Prefab/Props/PF Gate T2.prefab using Guid(b95acdc3b0c1a444c87723520fbab2f0) Importer(815301076,1909f56bfc062723c751e8b465ee728b)  -> (artifact id: 'ff93258d0007694dbd35638f67bf0674') in 0.035325 seconds 
Number of asset objects unloaded after import = 30
========================================================================
Received Import Request.
  Time since last request: 0.000046 seconds.
  path: Assets/External/Cainos/Pixel Art Top Down - Basic/Prefab/Props/PF Props Pillar Broken.prefab
  artifactKey: Guid(cfa0a5ef94fb05d4f97d095a05dc55c5) Importer(815301076,1909f56bfc062723c751e8b465ee728b)
Number of updated assets reloaded before import = 0
Start importing Assets/External/Cainos/Pixel Art Top Down - Basic/Prefab/Props/PF Props Pillar Broken.prefab using Guid(cfa0a5ef94fb05d4f97d095a05dc55c5) Importer(815301076,1909f56bfc062723c751e8b465ee728b)  -> (artifact id: 'a5e1dffbde570aeddf115fcbcd5718ca') in 0.026195 seconds 
Number of asset objects unloaded after import = 18
========================================================================
Received Import Request.
  Time since last request: 0.000044 seconds.
  path: Assets/External/Cainos/Pixel Art Top Down - Basic/Prefab/Props/PF Props Stair L.prefab
  artifactKey: Guid(a92434f05fc24a2408687e0356655548) Importer(815301076,1909f56bfc062723c751e8b465ee728b)
Number of updated assets reloaded before import = 0
Start importing Assets/External/Cainos/Pixel Art Top Down - Basic/Prefab/Props/PF Props Stair L.prefab using Guid(a92434f05fc24a2408687e0356655548) Importer(815301076,1909f56bfc062723c751e8b465ee728b)  -> (artifact id: '9ca0b3e8a204cf43c118a6bfa93c49d6') in 0.019401 seconds 
Number of asset objects unloaded after import = 30
========================================================================
Received Import Request.
  Time since last request: 0.000041 seconds.
  path: Assets/External/Cainos/Pixel Art Top Down - Basic/Prefab/Props/PF Props Brick T1.prefab
  artifactKey: Guid(ebdc6ef285e0bf542bed7e9c1bfb9923) Importer(815301076,1909f56bfc062723c751e8b465ee728b)
Number of updated assets reloaded before import = 0
Start importing Assets/External/Cainos/Pixel Art Top Down - Basic/Prefab/Props/PF Props Brick T1.prefab using Guid(ebdc6ef285e0bf542bed7e9c1bfb9923) Importer(815301076,1909f56bfc062723c751e8b465ee728b)  -> (artifact id: '3a200e3013ee18cef5a9ee6327872e71') in 0.022031 seconds 
Number of asset objects unloaded after import = 17
========================================================================
Received Import Request.
  Time since last request: 0.000053 seconds.
  path: Assets/External/Cainos/Pixel Art Top Down - Basic/Prefab/Props/PF Props Pot B.prefab
  artifactKey: Guid(63ee4b6a40c55fd429759b807832ded1) Importer(815301076,1909f56bfc062723c751e8b465ee728b)
Number of updated assets reloaded before import = 0
Start importing Assets/External/Cainos/Pixel Art Top Down - Basic/Prefab/Props/PF Props Pot B.prefab using Guid(63ee4b6a40c55fd429759b807832ded1) Importer(815301076,1909f56bfc062723c751e8b465ee728b)  -> (artifact id: 'e6f7a4ac2f7c6b70e1c03c96671e9c67') in 0.020310 seconds 
Number of asset objects unloaded after import = 19
========================================================================
Received Import Request.
  Time since last request: 0.000017 seconds.
  path: Assets/External/Cainos/Pixel Art Top Down - Basic/Prefab/Props/PF Props Chest Open.prefab
  artifactKey: Guid(17b0c1ef334d17e4bbb74c4778001705) Importer(815301076,1909f56bfc062723c751e8b465ee728b)
Number of updated assets reloaded before import = 0
Start importing Assets/External/Cainos/Pixel Art Top Down - Basic/Prefab/Props/PF Props Chest Open.prefab using Guid(17b0c1ef334d17e4bbb74c4778001705) Importer(815301076,1909f56bfc062723c751e8b465ee728b)  -> (artifact id: '74131b27af8fb62924b1175e24b448d3') in 0.021004 seconds 
Number of asset objects unloaded after import = 18
========================================================================
Received Import Request.
  Time since last request: 0.000020 seconds.
  path: Assets/External/Cainos/Pixel Art Top Down - Basic/Prefab/Props/PF Props Road Sign E.prefab
  artifactKey: Guid(b823debd04fd63f4d8e579210fe0ff20) Importer(815301076,1909f56bfc062723c751e8b465ee728b)
Number of updated assets reloaded before import = 0
Start importing Assets/External/Cainos/Pixel Art Top Down - Basic/Prefab/Props/PF Props Road Sign E.prefab using Guid(b823debd04fd63f4d8e579210fe0ff20) Importer(815301076,1909f56bfc062723c751e8b465ee728b)  -> (artifact id: '8e5b9b20c8104d4470c48ffe27a45ac0') in 0.019881 seconds 
Number of asset objects unloaded after import = 18
========================================================================
Received Import Request.
  Time since last request: 0.000022 seconds.
  path: Assets/External/Cainos/Pixel Art Top Down - Basic/Prefab/Props/PF Props Pot A.prefab
  artifactKey: Guid(ac719b1d0f58391469cc19fd947ca44c) Importer(815301076,1909f56bfc062723c751e8b465ee728b)
Number of updated assets reloaded before import = 0
Start importing Assets/External/Cainos/Pixel Art Top Down - Basic/Prefab/Props/PF Props Pot A.prefab using Guid(ac719b1d0f58391469cc19fd947ca44c) Importer(815301076,1909f56bfc062723c751e8b465ee728b)  -> (artifact id: '5aad5f5a7409c1683bf25b6321491399') in 0.020205 seconds 
Number of asset objects unloaded after import = 19
========================================================================
Received Import Request.
  Time since last request: 0.000019 seconds.
  path: Assets/External/Cainos/Pixel Art Top Down - Basic/Prefab/Props/PF Props Rune Pillar Broken.prefab
  artifactKey: Guid(8728cc48d2747494893fd60426c06f6e) Importer(815301076,1909f56bfc062723c751e8b465ee728b)
Number of updated assets reloaded before import = 0
Start importing Assets/External/Cainos/Pixel Art Top Down - Basic/Prefab/Props/PF Props Rune Pillar Broken.prefab using Guid(8728cc48d2747494893fd60426c06f6e) Importer(815301076,1909f56bfc062723c751e8b465ee728b)  -> (artifact id: 'c31a471ffb0c53756f0b66beae577703') in 0.019582 seconds 
Number of asset objects unloaded after import = 22
========================================================================
Received Import Request.
  Time since last request: 0.000035 seconds.
  path: Assets/External/Cainos/Pixel Art Top Down - Basic/Prefab/Props/PF Props Gravestone A.prefab
  artifactKey: Guid(6d9a1504606c57143b1a8bbc2249aabe) Importer(815301076,1909f56bfc062723c751e8b465ee728b)
Number of updated assets reloaded before import = 0
Start importing Assets/External/Cainos/Pixel Art Top Down - Basic/Prefab/Props/PF Props Gravestone A.prefab using Guid(6d9a1504606c57143b1a8bbc2249aabe) Importer(815301076,1909f56bfc062723c751e8b465ee728b)  -> (artifact id: '18afb55fb8c0cffd40735665509329e7') in 0.015720 seconds 
Number of asset objects unloaded after import = 18
========================================================================
Received Import Request.
  Time since last request: 10.138923 seconds.
  path: Assets/External/resource_default/box_a_01.png
  artifactKey: Guid(f7420318a046742439fc1f7e0fb33dc7) Importer(815301076,1909f56bfc062723c751e8b465ee728b)
Number of updated assets reloaded before import = 0
Start importing Assets/External/resource_default/box_a_01.png using Guid(f7420318a046742439fc1f7e0fb33dc7) Importer(815301076,1909f56bfc062723c751e8b465ee728b)  -> (artifact id: 'db9dcc91134aa228782b5fead7fe16c7') in 0.020432 seconds 
Number of asset objects unloaded after import = 3
========================================================================
Received Import Request.
  Time since last request: 0.000031 seconds.
  path: Assets/External/resource_default/box_c_02.png
  artifactKey: Guid(e8def83b1cf543e4a9513f7aaa7bd953) Importer(815301076,1909f56bfc062723c751e8b465ee728b)
Number of updated assets reloaded before import = 0
Start importing Assets/External/resource_default/box_c_02.png using Guid(e8def83b1cf543e4a9513f7aaa7bd953) Importer(815301076,1909f56bfc062723c751e8b465ee728b)  -> (artifact id: '8eebf5d820270249d8cd9ce2ede39e85') in 0.017541 seconds 
Number of asset objects unloaded after import = 3
========================================================================
Received Import Request.
  Time since last request: 0.000050 seconds.
  path: Assets/External/resource_default/btn_c_emerald.png
  artifactKey: Guid(7017830725262a140b5d8a3d39a0b11a) Importer(815301076,1909f56bfc062723c751e8b465ee728b)
Number of updated assets reloaded before import = 0
Start importing Assets/External/resource_default/btn_c_emerald.png using Guid(7017830725262a140b5d8a3d39a0b11a) Importer(815301076,1909f56bfc062723c751e8b465ee728b)  -> (artifact id: 'e26568c87bf1f1352c6f53f285a9bb10') in 0.017708 seconds 
Number of asset objects unloaded after import = 3
========================================================================
Received Import Request.
  Time since last request: 0.000037 seconds.
  path: Assets/External/resource_default/box_b.png
  artifactKey: Guid(7ff78b329f164464ea5df9a3227b3f0d) Importer(815301076,1909f56bfc062723c751e8b465ee728b)
Number of updated assets reloaded before import = 0
Start importing Assets/External/resource_default/box_b.png using Guid(7ff78b329f164464ea5df9a3227b3f0d) Importer(815301076,1909f56bfc062723c751e8b465ee728b)  -> (artifact id: 'f8212e3d36fa2b5a6ed33d68f5c0f7f2') in 0.019389 seconds 
Number of asset objects unloaded after import = 3
========================================================================
Received Import Request.
  Time since last request: 0.000041 seconds.
  path: Assets/External/resource_default/btn_b_emerald.png
  artifactKey: Guid(e6d0e297e4512fe4b8e8fe357714a52f) Importer(815301076,1909f56bfc062723c751e8b465ee728b)
Number of updated assets reloaded before import = 0
Start importing Assets/External/resource_default/btn_b_emerald.png using Guid(e6d0e297e4512fe4b8e8fe357714a52f) Importer(815301076,1909f56bfc062723c751e8b465ee728b)  -> (artifact id: '079a5c05946bad3ae15b37a19690b8de') in 0.019094 seconds 
Number of asset objects unloaded after import = 3
========================================================================
Received Import Request.
  Time since last request: 0.000027 seconds.
  path: Assets/External/resource_default/btn_a_grey.png
  artifactKey: Guid(e0b63f1cfe110994ba2ad2de0e5292de) Importer(815301076,1909f56bfc062723c751e8b465ee728b)
Number of updated assets reloaded before import = 0
Start importing Assets/External/resource_default/btn_a_grey.png using Guid(e0b63f1cfe110994ba2ad2de0e5292de) Importer(815301076,1909f56bfc062723c751e8b465ee728b)  -> (artifact id: '7440142e067f40eaf48758da81776225') in 0.020257 seconds 
Number of asset objects unloaded after import = 3
========================================================================
Received Import Request.
  Time since last request: 0.000026 seconds.
  path: Assets/External/resource_default/box_b_01.png
  artifactKey: Guid(a4b88956494e64a4a896b1e2e09d76aa) Importer(815301076,1909f56bfc062723c751e8b465ee728b)
Number of updated assets reloaded before import = 0
Start importing Assets/External/resource_default/box_b_01.png using Guid(a4b88956494e64a4a896b1e2e09d76aa) Importer(815301076,1909f56bfc062723c751e8b465ee728b)  -> (artifact id: '01e00d00c9db4a8bc0d709f04ce1bcc8') in 0.016124 seconds 
Number of asset objects unloaded after import = 3
========================================================================
Received Import Request.
  Time since last request: 0.000068 seconds.
  path: Assets/External/resource_default/box_a_04.png
  artifactKey: Guid(0b216ed8876b73945ad75ea6feaba010) Importer(815301076,1909f56bfc062723c751e8b465ee728b)
Number of updated assets reloaded before import = 0
Start importing Assets/External/resource_default/box_a_04.png using Guid(0b216ed8876b73945ad75ea6feaba010) Importer(815301076,1909f56bfc062723c751e8b465ee728b)  -> (artifact id: '29761ce9b37592b69bb399f6323e2672') in 0.019938 seconds 
Number of asset objects unloaded after import = 3
========================================================================
Received Import Request.
  Time since last request: 0.000035 seconds.
  path: Assets/External/resource_default/box_b_03.png
  artifactKey: Guid(cd5efc45d507a414c81bd895a5528a0b) Importer(815301076,1909f56bfc062723c751e8b465ee728b)
Number of updated assets reloaded before import = 0
Start importing Assets/External/resource_default/box_b_03.png using Guid(cd5efc45d507a414c81bd895a5528a0b) Importer(815301076,1909f56bfc062723c751e8b465ee728b)  -> (artifact id: 'a562130958047ee58f63f9deadea1b0e') in 0.021288 seconds 
Number of asset objects unloaded after import = 3
========================================================================
Received Import Request.
  Time since last request: 0.000030 seconds.
  path: Assets/External/resource_default/checkbox_blank.png
  artifactKey: Guid(32f25fd44c295474483ad5f89d5863fb) Importer(815301076,1909f56bfc062723c751e8b465ee728b)
Number of updated assets reloaded before import = 0
Start importing Assets/External/resource_default/checkbox_blank.png using Guid(32f25fd44c295474483ad5f89d5863fb) Importer(815301076,1909f56bfc062723c751e8b465ee728b)  -> (artifact id: '901f5e434e0066fd1174f9a1fd0cf581') in 0.019071 seconds 
Number of asset objects unloaded after import = 3
========================================================================
Received Import Request.
  Time since last request: 1.905681 seconds.
  path: Assets/External/TopDown 2D RPG BE3/Sprites/NPC.png
  artifactKey: Guid(2f90eb840bd0cf4438d49759bc08d718) Importer(815301076,1909f56bfc062723c751e8b465ee728b)
Number of updated assets reloaded before import = 0
Start importing Assets/External/TopDown 2D RPG BE3/Sprites/NPC.png using Guid(2f90eb840bd0cf4438d49759bc08d718) Importer(815301076,1909f56bfc062723c751e8b465ee728b)  -> (artifact id: '39197fd007f6ff3e2a04fdad8ee29fea') in 0.033549 seconds 
Number of asset objects unloaded after import = 6
========================================================================
Received Import Request.
  Time since last request: 0.000032 seconds.
  path: Assets/External/TopDown 2D RPG BE3/Sprites/User Interface.png
  artifactKey: Guid(1c9bc0d104c01934da10d4333b9dc48b) Importer(815301076,1909f56bfc062723c751e8b465ee728b)
Number of updated assets reloaded before import = 0
Start importing Assets/External/TopDown 2D RPG BE3/Sprites/User Interface.png using Guid(1c9bc0d104c01934da10d4333b9dc48b) Importer(815301076,1909f56bfc062723c751e8b465ee728b)  -> (artifact id: '00a0a4b7002614a022a380bf9f427bc7') in 0.036644 seconds 
Number of asset objects unloaded after import = 11
Editor requested this worker to shutdown with reason: Scaling down because of idle timeout
AssetImportWorker is now disconnected from the server
Process exiting
Exiting without the bug reporter. Application will terminate with return code 0