Using pre-set license
Built from '2021.3/staging' branch; Version is '2021.3.33f1 (ee5a2aa03ab2) revision 15620650'; Using compiler version '192829333'; Build Type 'Release'
OS: 'Windows 11  (10.0.22631) 64bit CoreSingleLanguage' Language: 'en' Physical Memory: 16163 MB
BatchMode: 1, IsHumanControllingUs: 0, StartBugReporterOnCrash: 0, Is64bit: 1, IsPro: 1

COMMAND LINE ARGUMENTS:
E:\UnityEditor\2021.3.33f1\Editor\Unity.exe
-adb2
-batchMode
-noUpm
-name
AssetImportWorker3
-projectPath
E:/Project/PC/2D/Pokemon 2D
-logFile
Logs/AssetImportWorker3.log
-srvPort
49983
Successfully changed project path to: E:/Project/PC/2D/Pokemon 2D
E:/Project/PC/2D/Pokemon 2D
[UnityMemory] Configuration Parameters - Can be set up in boot.config
    "memorysetup-bucket-allocator-granularity=16"
    "memorysetup-bucket-allocator-bucket-count=8"
    "memorysetup-bucket-allocator-block-size=33554432"
    "memorysetup-bucket-allocator-block-count=8"
    "memorysetup-main-allocator-block-size=16777216"
    "memorysetup-thread-allocator-block-size=16777216"
    "memorysetup-gfx-main-allocator-block-size=16777216"
    "memorysetup-gfx-thread-allocator-block-size=16777216"
    "memorysetup-cache-allocator-block-size=4194304"
    "memorysetup-typetree-allocator-block-size=2097152"
    "memorysetup-profiler-bucket-allocator-granularity=16"
    "memorysetup-profiler-bucket-allocator-bucket-count=8"
    "memorysetup-profiler-bucket-allocator-block-size=33554432"
    "memorysetup-profiler-bucket-allocator-block-count=8"
    "memorysetup-profiler-allocator-block-size=16777216"
    "memorysetup-profiler-editor-allocator-block-size=1048576"
    "memorysetup-temp-allocator-size-main=16777216"
    "memorysetup-job-temp-allocator-block-size=2097152"
    "memorysetup-job-temp-allocator-block-size-background=1048576"
    "memorysetup-job-temp-allocator-reduction-small-platforms=262144"
    "memorysetup-temp-allocator-size-background-worker=32768"
    "memorysetup-temp-allocator-size-job-worker=262144"
    "memorysetup-temp-allocator-size-preload-manager=33554432"
    "memorysetup-temp-allocator-size-nav-mesh-worker=65536"
    "memorysetup-temp-allocator-size-audio-worker=65536"
    "memorysetup-temp-allocator-size-cloud-worker=32768"
    "memorysetup-temp-allocator-size-gi-baking-worker=262144"
    "memorysetup-temp-allocator-size-gfx=262144"
Player connection [3496] Host "[IP] 192.168.0.106 [Port] 0 [Flags] 2 [Guid] 2831584446 [EditorId] 2831584446 [Version] 1048832 [Id] WindowsEditor(7,MQuang) [Debug] 1 [PackageName] WindowsEditor [ProjectName] Editor" joined multi-casting on [225.0.0.222:54997]...

Player connection [3496] Host "[IP] 192.168.0.106 [Port] 0 [Flags] 2 [Guid] 2831584446 [EditorId] 2831584446 [Version] 1048832 [Id] WindowsEditor(7,MQuang) [Debug] 1 [PackageName] WindowsEditor [ProjectName] Editor" joined alternative multi-casting on [225.0.0.222:34997]...

[Physics::Module] Initialized MultithreadedJobDispatcher with {0} workers.
Refreshing native plugins compatible for Editor in 275.43 ms, found 4 plugins.
Preloading 0 native plugins for Editor in 0.00 ms.
Initialize engine version: 2021.3.33f1 (ee5a2aa03ab2)
[Subsystems] Discovering subsystems at path E:/UnityEditor/2021.3.33f1/Editor/Data/Resources/UnitySubsystems
[Subsystems] Discovering subsystems at path E:/Project/PC/2D/Pokemon 2D/Assets
GfxDevice: creating device client; threaded=0; jobified=0
Direct3D:
    Version:  Direct3D 11.0 [level 11.1]
    Renderer: NVIDIA GeForce GTX 1650 (ID=0x1f9d)
    Vendor:   NVIDIA
    VRAM:     3962 MB
    Driver:   31.0.15.1748
Initialize mono
Mono path[0] = 'E:/UnityEditor/2021.3.33f1/Editor/Data/Managed'
Mono path[1] = 'E:/UnityEditor/2021.3.33f1/Editor/Data/MonoBleedingEdge/lib/mono/unityjit-win32'
Mono config path = 'E:/UnityEditor/2021.3.33f1/Editor/Data/MonoBleedingEdge/etc'
Using monoOptions --debugger-agent=transport=dt_socket,embedding=1,server=y,suspend=n,address=127.0.0.1:56296
Begin MonoManager ReloadAssembly
Registering precompiled unity dll's ...
Register platform support module: E:/UnityEditor/2021.3.33f1/Editor/Data/PlaybackEngines/WebGLSupport/UnityEditor.WebGL.Extensions.dll
Register platform support module: E:/UnityEditor/2021.3.33f1/Editor/Data/PlaybackEngines/AndroidPlayer/UnityEditor.Android.Extensions.dll
Register platform support module: E:/UnityEditor/2021.3.33f1/Editor/Data/PlaybackEngines/WindowsStandaloneSupport/UnityEditor.WindowsStandalone.Extensions.dll
Registered in 0.400124 seconds.
Native extension for WindowsStandalone target not found
Native extension for Android target not found
Android Extension - Scanning For ADB Devices 330 ms
Native extension for WebGL target not found
Refreshing native plugins compatible for Editor in 169.52 ms, found 4 plugins.
Preloading 0 native plugins for Editor in 0.00 ms.
Mono: successfully reloaded assembly
- Completed reload, in  6.629 seconds
Domain Reload Profiling:
	ReloadAssembly (6630ms)
		BeginReloadAssembly (4232ms)
			ExecutionOrderSort (0ms)
			DisableScriptedObjects (0ms)
			BackupInstance (0ms)
			ReleaseScriptingObjects (0ms)
			CreateAndSetChildDomain (1ms)
		EndReloadAssembly (1682ms)
			LoadAssemblies (4237ms)
			RebuildTransferFunctionScriptingTraits (0ms)
			SetupTypeCache (897ms)
			ReleaseScriptCaches (0ms)
			RebuildScriptCaches (24ms)
			SetupLoadedEditorAssemblies (717ms)
				LogAssemblyErrors (0ms)
				InitializePlatformSupportModulesInManaged (407ms)
				SetLoadedEditorAssemblies (0ms)
				RefreshPlugins (170ms)
				BeforeProcessingInitializeOnLoad (1ms)
				ProcessInitializeOnLoadAttributes (93ms)
				ProcessInitializeOnLoadMethodAttributes (46ms)
				AfterProcessingInitializeOnLoad (0ms)
				EditorAssembliesLoaded (0ms)
			ExecutionOrderSort2 (0ms)
			AwakeInstancesAfterBackupRestoration (0ms)
Platform modules already initialized, skipping
Registering precompiled user dll's ...
Registered in 0.003293 seconds.
Begin MonoManager ReloadAssembly
Native extension for WindowsStandalone target not found
Native extension for Android target not found
Native extension for WebGL target not found
Refreshing native plugins compatible for Editor in 166.87 ms, found 4 plugins.
Preloading 0 native plugins for Editor in 0.00 ms.
Package Manager log level set to [2]
[Package Manager] Server::EnsureServerProcessIsRunning -- launch failed, reason: Unity was launched with the -noUpm command-line argument
[Package Manager] Cannot connect to Unity Package Manager local server
Mono: successfully reloaded assembly
- Completed reload, in  7.178 seconds
Domain Reload Profiling:
	ReloadAssembly (7178ms)
		BeginReloadAssembly (102ms)
			ExecutionOrderSort (0ms)
			DisableScriptedObjects (5ms)
			BackupInstance (0ms)
			ReleaseScriptingObjects (0ms)
			CreateAndSetChildDomain (19ms)
		EndReloadAssembly (6916ms)
			LoadAssemblies (5043ms)
			RebuildTransferFunctionScriptingTraits (0ms)
			SetupTypeCache (723ms)
			ReleaseScriptCaches (1ms)
			RebuildScriptCaches (62ms)
			SetupLoadedEditorAssemblies (1062ms)
				LogAssemblyErrors (0ms)
				InitializePlatformSupportModulesInManaged (15ms)
				SetLoadedEditorAssemblies (0ms)
				RefreshPlugins (167ms)
				BeforeProcessingInitializeOnLoad (95ms)
				ProcessInitializeOnLoadAttributes (695ms)
				ProcessInitializeOnLoadMethodAttributes (88ms)
				AfterProcessingInitializeOnLoad (2ms)
				EditorAssembliesLoaded (0ms)
			ExecutionOrderSort2 (0ms)
			AwakeInstancesAfterBackupRestoration (5ms)
Platform modules already initialized, skipping
========================================================================
Worker process is ready to serve import requests
Launched and connected shader compiler UnityShaderCompiler.exe after 0.08 seconds
Refreshing native plugins compatible for Editor in 1.85 ms, found 4 plugins.
Preloading 0 native plugins for Editor in 0.00 ms.
Unloading 5461 Unused Serialized files (Serialized files now loaded: 0)
Unloading 54 unused Assets / (0.8 MB). Loaded Objects now: 5914.
Memory consumption went from 226.0 MB to 225.2 MB.
Total: 3.762800 ms (FindLiveObjects: 0.400300 ms CreateObjectMapping: 0.234100 ms MarkObjects: 2.600800 ms  DeleteObjects: 0.526500 ms)

AssetImportParameters requested are different than current active one (requested -> active):
  custom:video-decoder-ogg-theora: a1e56fd34408186e4bbccfd4996cb3dc -> 
  custom:container-muxer-webm: aa71ff27fc2769a1b78a27578f13a17b -> 
  custom:container-demuxer-webm: 4f35f7cbe854078d1ac9338744f61a02 -> 
  custom:video-encoder-webm-vp8: eb34c28f22e8b96e1ab97ce403110664 -> 
  custom:video-codec-MediaFoundation-h265: 746d11721c4dcdbdad8f713fa42b33f4 -> 
  custom:CustomObjectIndexerAttribute: 6b0e35c9178b02a6363f3721b7b8e397 -> 
  custom:audio-encoder-webm-vorbis: bf7c407c2cedff20999df2af8eb42d56 -> 
  custom:framework-win-MediaFoundation: 216162199b28c13a410421893ffa2e32 -> 
  custom:SearchIndexIgnoredProperties: e643bd26f0fe6173181afceb89e7c659 -> 
  custom:container-demuxer-ogg: 62fdf1f143b41e24485cea50d1cbac27 -> 
  custom:video-decoder-webm-vp8: 9c59270c3fd7afecdb556c50c9e8de78 -> 
  custom:audio-decoder-ogg-vorbis: bf7c407c2cedff20999df2af8eb42d56 -> 
========================================================================
Received Import Request.
  Time since last request: 1256.917810 seconds.
  path: Assets/External/COPY SPRIGHT/Comic Battle Royale/2D Character - Astronaut/Variant D/Prefabs/Character/idle_up.prefab
  artifactKey: Guid(831d83e637634675b1c4dd10f6921abc) Importer(815301076,1909f56bfc062723c751e8b465ee728b)
Number of updated assets reloaded before import = 0
Start importing Assets/External/COPY SPRIGHT/Comic Battle Royale/2D Character - Astronaut/Variant D/Prefabs/Character/idle_up.prefab using Guid(831d83e637634675b1c4dd10f6921abc) Importer(815301076,1909f56bfc062723c751e8b465ee728b)  -> (artifact id: '701def87b07f7903f1d8968466c84982') in 0.313335 seconds 
Number of asset objects unloaded after import = 28
========================================================================
Received Import Request.
  Time since last request: 0.000036 seconds.
  path: Assets/External/COPY SPRIGHT/Comic Battle Royale/2D Character - Astronaut/Variant C/Prefabs/Character/scythe_idle_down.prefab
  artifactKey: Guid(7d4b6e6e91e247b28eedd730a326f690) Importer(815301076,1909f56bfc062723c751e8b465ee728b)
Number of updated assets reloaded before import = 0
Start importing Assets/External/COPY SPRIGHT/Comic Battle Royale/2D Character - Astronaut/Variant C/Prefabs/Character/scythe_idle_down.prefab using Guid(7d4b6e6e91e247b28eedd730a326f690) Importer(815301076,1909f56bfc062723c751e8b465ee728b)  -> (artifact id: '5371dd88c2a1cb4525d0c2f419a68aec') in 0.039339 seconds 
Number of asset objects unloaded after import = 23
========================================================================
Received Import Request.
  Time since last request: 0.000034 seconds.
  path: Assets/External/COPY SPRIGHT/Comic Battle Royale/2D Character - Astronaut/Variant A/Prefabs/Character/scythe_idle_side.prefab
  artifactKey: Guid(49b171ae6c5b43de8be09b3621a44596) Importer(815301076,1909f56bfc062723c751e8b465ee728b)
Number of updated assets reloaded before import = 0
Start importing Assets/External/COPY SPRIGHT/Comic Battle Royale/2D Character - Astronaut/Variant A/Prefabs/Character/scythe_idle_side.prefab using Guid(49b171ae6c5b43de8be09b3621a44596) Importer(815301076,1909f56bfc062723c751e8b465ee728b)  -> (artifact id: 'e54f7e7eac1b81838ecc0d54d7a1406d') in 0.026457 seconds 
Number of asset objects unloaded after import = 23
========================================================================
Received Import Request.
  Time since last request: 0.000024 seconds.
  path: Assets/External/COPY SPRIGHT/Comic Battle Royale/2D Character - Astronaut/Variant E/Prefabs/Character/scythe_idle_down.prefab
  artifactKey: Guid(ea4c003a27bc4c06b092d3a0d4d62bae) Importer(815301076,1909f56bfc062723c751e8b465ee728b)
Number of updated assets reloaded before import = 0
Start importing Assets/External/COPY SPRIGHT/Comic Battle Royale/2D Character - Astronaut/Variant E/Prefabs/Character/scythe_idle_down.prefab using Guid(ea4c003a27bc4c06b092d3a0d4d62bae) Importer(815301076,1909f56bfc062723c751e8b465ee728b)  -> (artifact id: '3e870da4b7b8c6a03697bd9094890980') in 0.036190 seconds 
Number of asset objects unloaded after import = 23
========================================================================
Received Import Request.
  Time since last request: 0.000024 seconds.
  path: Assets/External/COPY SPRIGHT/Comic Battle Royale/2D Character - Astronaut/Variant C/Prefabs/Character/idle_up.prefab
  artifactKey: Guid(96d65395a13a45dc8e23b7c50ac42de5) Importer(815301076,1909f56bfc062723c751e8b465ee728b)
Number of updated assets reloaded before import = 0
Start importing Assets/External/COPY SPRIGHT/Comic Battle Royale/2D Character - Astronaut/Variant C/Prefabs/Character/idle_up.prefab using Guid(96d65395a13a45dc8e23b7c50ac42de5) Importer(815301076,1909f56bfc062723c751e8b465ee728b)  -> (artifact id: 'eb18fa08a0b58c0bbd3aa59fa561bbe7') in 0.179842 seconds 
Number of asset objects unloaded after import = 58
========================================================================
Received Import Request.
  Time since last request: 0.000036 seconds.
  path: Assets/External/COPY SPRIGHT/Comic Battle Royale/2D Character - Astronaut/Variant A/Prefabs/Character/scythe_idle_down.prefab
  artifactKey: Guid(a0ad5f57d3e643ecbc49ad0d17e2ab53) Importer(815301076,1909f56bfc062723c751e8b465ee728b)
Number of updated assets reloaded before import = 0
Start importing Assets/External/COPY SPRIGHT/Comic Battle Royale/2D Character - Astronaut/Variant A/Prefabs/Character/scythe_idle_down.prefab using Guid(a0ad5f57d3e643ecbc49ad0d17e2ab53) Importer(815301076,1909f56bfc062723c751e8b465ee728b)  -> (artifact id: 'f0a8f8b88821aef9aab5b1d5c731a1a2') in 0.030227 seconds 
Number of asset objects unloaded after import = 23
========================================================================
Received Import Request.
  Time since last request: 0.000048 seconds.
  path: Assets/External/COPY SPRIGHT/Comic Battle Royale/2D Character - Astronaut/Variant B/Prefabs/Character/scythe_idle_down.prefab
  artifactKey: Guid(37234b26b8844312a3e892e1cb5c1fbf) Importer(815301076,1909f56bfc062723c751e8b465ee728b)
Number of updated assets reloaded before import = 0
Start importing Assets/External/COPY SPRIGHT/Comic Battle Royale/2D Character - Astronaut/Variant B/Prefabs/Character/scythe_idle_down.prefab using Guid(37234b26b8844312a3e892e1cb5c1fbf) Importer(815301076,1909f56bfc062723c751e8b465ee728b)  -> (artifact id: '8e5a84219b69b7329a433f1604229366') in 0.025821 seconds 
Number of asset objects unloaded after import = 23
========================================================================
Received Import Request.
  Time since last request: 0.000027 seconds.
  path: Assets/External/COPY SPRIGHT/Comic Battle Royale/2D Character - Astronaut/Variant B/Prefabs/Character/idle_side.prefab
  artifactKey: Guid(f8d015becc0e4aec9d3fffd90c89e63b) Importer(815301076,1909f56bfc062723c751e8b465ee728b)
Number of updated assets reloaded before import = 0
Start importing Assets/External/COPY SPRIGHT/Comic Battle Royale/2D Character - Astronaut/Variant B/Prefabs/Character/idle_side.prefab using Guid(f8d015becc0e4aec9d3fffd90c89e63b) Importer(815301076,1909f56bfc062723c751e8b465ee728b)  -> (artifact id: '0033fb8f9305942d1315ca2a74713ffe') in 0.159590 seconds 
Number of asset objects unloaded after import = 58
========================================================================
Received Import Request.
  Time since last request: 0.000022 seconds.
  path: Assets/External/COPY SPRIGHT/Comic Battle Royale/2D Character - Astronaut/Variant D/Prefabs/Character/idle_side.prefab
  artifactKey: Guid(388fc8fa10104d689e5e227e84459cc9) Importer(815301076,1909f56bfc062723c751e8b465ee728b)
Number of updated assets reloaded before import = 0
Start importing Assets/External/COPY SPRIGHT/Comic Battle Royale/2D Character - Astronaut/Variant D/Prefabs/Character/idle_side.prefab using Guid(388fc8fa10104d689e5e227e84459cc9) Importer(815301076,1909f56bfc062723c751e8b465ee728b)  -> (artifact id: '4a485a5afd1b24e077ab503bb942d93b') in 0.171762 seconds 
Number of asset objects unloaded after import = 58
========================================================================
Received Import Request.
  Time since last request: 0.000027 seconds.
  path: Assets/External/COPY SPRIGHT/Comic Battle Royale/2D Character - Astronaut/Variant E/Prefabs/Character/idle_down.prefab
  artifactKey: Guid(542b14e58ec949f3ad0e3115ac530a23) Importer(815301076,1909f56bfc062723c751e8b465ee728b)
Number of updated assets reloaded before import = 0
Start importing Assets/External/COPY SPRIGHT/Comic Battle Royale/2D Character - Astronaut/Variant E/Prefabs/Character/idle_down.prefab using Guid(542b14e58ec949f3ad0e3115ac530a23) Importer(815301076,1909f56bfc062723c751e8b465ee728b)  -> (artifact id: 'ae1ba8e38df9e7f6b769d41b61a9b25a') in 0.166287 seconds 
Number of asset objects unloaded after import = 58
========================================================================
Received Import Request.
  Time since last request: 0.000038 seconds.
  path: Assets/External/COPY SPRIGHT/Comic Battle Royale/2D Character - Astronaut/Variant C/Prefabs/Character/hammer_idle_up.prefab
  artifactKey: Guid(28dee41ea2b344f78c1862f2af03a2a5) Importer(815301076,1909f56bfc062723c751e8b465ee728b)
Number of updated assets reloaded before import = 0
Start importing Assets/External/COPY SPRIGHT/Comic Battle Royale/2D Character - Astronaut/Variant C/Prefabs/Character/hammer_idle_up.prefab using Guid(28dee41ea2b344f78c1862f2af03a2a5) Importer(815301076,1909f56bfc062723c751e8b465ee728b)  -> (artifact id: '9b743bd17320dc5c5b92771cbdf05726') in 0.030061 seconds 
Number of asset objects unloaded after import = 18
========================================================================
Received Import Request.
  Time since last request: 0.000025 seconds.
  path: Assets/External/COPY SPRIGHT/Comic Battle Royale/2D Character - Astronaut/Variant C/Prefabs/Character/hammer_idle_side.prefab
  artifactKey: Guid(7923ffd8ec924bad817f5a663483f985) Importer(815301076,1909f56bfc062723c751e8b465ee728b)
Number of updated assets reloaded before import = 0
Start importing Assets/External/COPY SPRIGHT/Comic Battle Royale/2D Character - Astronaut/Variant C/Prefabs/Character/hammer_idle_side.prefab using Guid(7923ffd8ec924bad817f5a663483f985) Importer(815301076,1909f56bfc062723c751e8b465ee728b)  -> (artifact id: 'fb1b888fd800fc27258758ac6e697518') in 0.035905 seconds 
Number of asset objects unloaded after import = 23
========================================================================
Received Import Request.
  Time since last request: 0.000025 seconds.
  path: Assets/External/COPY SPRIGHT/Comic Battle Royale/2D Character - Astronaut/Variant B/Prefabs/Character/hammer_idle_up.prefab
  artifactKey: Guid(9e1d46e5e2a6462bb206b106d42424fd) Importer(815301076,1909f56bfc062723c751e8b465ee728b)
Number of updated assets reloaded before import = 0
Start importing Assets/External/COPY SPRIGHT/Comic Battle Royale/2D Character - Astronaut/Variant B/Prefabs/Character/hammer_idle_up.prefab using Guid(9e1d46e5e2a6462bb206b106d42424fd) Importer(815301076,1909f56bfc062723c751e8b465ee728b)  -> (artifact id: '4eacf7710f482adfc368309ae7284f68') in 0.026378 seconds 
Number of asset objects unloaded after import = 18
========================================================================
Received Import Request.
  Time since last request: 0.000032 seconds.
  path: Assets/External/COPY SPRIGHT/Comic Battle Royale/2D Character - Astronaut/Variant D/Prefabs/Character/hammer_idle_side.prefab
  artifactKey: Guid(70168125731d434bada6e6530117b232) Importer(815301076,1909f56bfc062723c751e8b465ee728b)
Number of updated assets reloaded before import = 0
Start importing Assets/External/COPY SPRIGHT/Comic Battle Royale/2D Character - Astronaut/Variant D/Prefabs/Character/hammer_idle_side.prefab using Guid(70168125731d434bada6e6530117b232) Importer(815301076,1909f56bfc062723c751e8b465ee728b)  -> (artifact id: '975fcafaca50bfdcaf211ca84ff0e9dc') in 0.025133 seconds 
Number of asset objects unloaded after import = 23
========================================================================
Received Import Request.
  Time since last request: 0.000027 seconds.
  path: Assets/External/COPY SPRIGHT/Comic Battle Royale/2D Character - Astronaut/Variant B/Prefabs/Character/idle_down.prefab
  artifactKey: Guid(652c47585d8e4ad79b4c4416a8c4aef3) Importer(815301076,1909f56bfc062723c751e8b465ee728b)
Number of updated assets reloaded before import = 0
Start importing Assets/External/COPY SPRIGHT/Comic Battle Royale/2D Character - Astronaut/Variant B/Prefabs/Character/idle_down.prefab using Guid(652c47585d8e4ad79b4c4416a8c4aef3) Importer(815301076,1909f56bfc062723c751e8b465ee728b)  -> (artifact id: '384de9b76733183f5ae29875d4c26121') in 0.169298 seconds 
Number of asset objects unloaded after import = 58
========================================================================
Received Import Request.
  Time since last request: 0.000027 seconds.
  path: Assets/External/COPY SPRIGHT/Comic Battle Royale/2D Character - Astronaut/Variant A/Prefabs/Character/hammer_idle_up.prefab
  artifactKey: Guid(2c39c5a44273481d96228c2c7170877a) Importer(815301076,1909f56bfc062723c751e8b465ee728b)
Number of updated assets reloaded before import = 0
Start importing Assets/External/COPY SPRIGHT/Comic Battle Royale/2D Character - Astronaut/Variant A/Prefabs/Character/hammer_idle_up.prefab using Guid(2c39c5a44273481d96228c2c7170877a) Importer(815301076,1909f56bfc062723c751e8b465ee728b)  -> (artifact id: '59a888623979b34ea2e696cbd5339a67') in 0.019046 seconds 
Number of asset objects unloaded after import = 18
========================================================================
Received Import Request.
  Time since last request: 2.105750 seconds.
  path: Assets/External/COPY SPRIGHT/Comic Battle Royale/2D Character - Astronaut/Variant A/Prefabs/Character/scythe_idle_up.prefab
  artifactKey: Guid(822c8560271f458da388fa51b01b413b) Importer(815301076,1909f56bfc062723c751e8b465ee728b)
Number of updated assets reloaded before import = 0
Start importing Assets/External/COPY SPRIGHT/Comic Battle Royale/2D Character - Astronaut/Variant A/Prefabs/Character/scythe_idle_up.prefab using Guid(822c8560271f458da388fa51b01b413b) Importer(815301076,1909f56bfc062723c751e8b465ee728b)  -> (artifact id: '21849d025c4140589cfac97c5e891eac') in 0.043041 seconds 
Number of asset objects unloaded after import = 18
========================================================================
Received Import Request.
  Time since last request: 0.000026 seconds.
  path: Assets/External/COPY SPRIGHT/Comic Battle Royale/2D Character - Astronaut/Variant C/Prefabs/Character/scythe_idle_up.prefab
  artifactKey: Guid(66be10d759c443da95d2a8b782bf6dc6) Importer(815301076,1909f56bfc062723c751e8b465ee728b)
Number of updated assets reloaded before import = 0
Start importing Assets/External/COPY SPRIGHT/Comic Battle Royale/2D Character - Astronaut/Variant C/Prefabs/Character/scythe_idle_up.prefab using Guid(66be10d759c443da95d2a8b782bf6dc6) Importer(815301076,1909f56bfc062723c751e8b465ee728b)  -> (artifact id: '09a07b2b97757269f34dc926cb5edfe9') in 0.020952 seconds 
Number of asset objects unloaded after import = 18
========================================================================
Received Import Request.
  Time since last request: 0.000023 seconds.
  path: Assets/External/COPY SPRIGHT/Comic Battle Royale/2D Character - Astronaut/Variant D/Prefabs/Character/scythe_idle_up.prefab
  artifactKey: Guid(0cfb46f8dd2649b19b5a07f6ece13db9) Importer(815301076,1909f56bfc062723c751e8b465ee728b)
Number of updated assets reloaded before import = 0
Start importing Assets/External/COPY SPRIGHT/Comic Battle Royale/2D Character - Astronaut/Variant D/Prefabs/Character/scythe_idle_up.prefab using Guid(0cfb46f8dd2649b19b5a07f6ece13db9) Importer(815301076,1909f56bfc062723c751e8b465ee728b)  -> (artifact id: 'b14dd669eefcaccefd6c713a5059daf9') in 0.019742 seconds 
Number of asset objects unloaded after import = 18
========================================================================
Received Import Request.
  Time since last request: 0.000045 seconds.
  path: Assets/External/COPY SPRIGHT/Comic Battle Royale/2D Character - Astronaut/Variant B/Prefabs/Character/scythe_idle_up.prefab
  artifactKey: Guid(4f701a3bfdb44667b5048dc9f9b2b05a) Importer(815301076,1909f56bfc062723c751e8b465ee728b)
Number of updated assets reloaded before import = 0
Start importing Assets/External/COPY SPRIGHT/Comic Battle Royale/2D Character - Astronaut/Variant B/Prefabs/Character/scythe_idle_up.prefab using Guid(4f701a3bfdb44667b5048dc9f9b2b05a) Importer(815301076,1909f56bfc062723c751e8b465ee728b)  -> (artifact id: 'af35f6fb3ee5c4ab1b3a4163f3d72abe') in 0.020584 seconds 
Number of asset objects unloaded after import = 18
========================================================================
Received Import Request.
  Time since last request: 0.658560 seconds.
  path: Assets/External/COPY SPRIGHT/Comic Battle Royale/2D Character - Astronaut/Variant B/Prefabs/Character/sword_idle_down.prefab
  artifactKey: Guid(2b7276e6a28f4e46bfa50a6ddbefbbd7) Importer(815301076,1909f56bfc062723c751e8b465ee728b)
Number of updated assets reloaded before import = 0
Start importing Assets/External/COPY SPRIGHT/Comic Battle Royale/2D Character - Astronaut/Variant B/Prefabs/Character/sword_idle_down.prefab using Guid(2b7276e6a28f4e46bfa50a6ddbefbbd7) Importer(815301076,1909f56bfc062723c751e8b465ee728b)  -> (artifact id: '6d2e689cc1de5c9ddbc927dde7b09dc3') in 0.026060 seconds 
Number of asset objects unloaded after import = 23
========================================================================
Received Import Request.
  Time since last request: 0.000021 seconds.
  path: Assets/External/COPY SPRIGHT/Comic Battle Royale/2D Character - Astronaut/Variant C/Prefabs/Character/sword_idle_side.prefab
  artifactKey: Guid(d06e6cb653c442e98e2a132d0e2be863) Importer(815301076,1909f56bfc062723c751e8b465ee728b)
Number of updated assets reloaded before import = 0
Start importing Assets/External/COPY SPRIGHT/Comic Battle Royale/2D Character - Astronaut/Variant C/Prefabs/Character/sword_idle_side.prefab using Guid(d06e6cb653c442e98e2a132d0e2be863) Importer(815301076,1909f56bfc062723c751e8b465ee728b)  -> (artifact id: 'bd48316ea09e68c735d010814674b310') in 0.032121 seconds 
Number of asset objects unloaded after import = 23
========================================================================
Received Import Request.
  Time since last request: 0.000024 seconds.
  path: Assets/External/COPY SPRIGHT/Comic Battle Royale/2D Character - Astronaut/Variant B/Prefabs/Character/sword_idle_side.prefab
  artifactKey: Guid(7edcc74d1c5d4ef0b69f3b6f5b316ef8) Importer(815301076,1909f56bfc062723c751e8b465ee728b)
Number of updated assets reloaded before import = 0
Start importing Assets/External/COPY SPRIGHT/Comic Battle Royale/2D Character - Astronaut/Variant B/Prefabs/Character/sword_idle_side.prefab using Guid(7edcc74d1c5d4ef0b69f3b6f5b316ef8) Importer(815301076,1909f56bfc062723c751e8b465ee728b)  -> (artifact id: 'c0afef01ae8bc5e38f5cdae0c7dd7b8d') in 0.015548 seconds 
Number of asset objects unloaded after import = 23
========================================================================
Received Import Request.
  Time since last request: 0.000056 seconds.
  path: Assets/External/COPY SPRIGHT/Comic Battle Royale/2D Character - Astronaut/Variant D/Prefabs/Character/sword_idle_up.prefab
  artifactKey: Guid(1d6c93b313844b40868f192fcf2fb2c2) Importer(815301076,1909f56bfc062723c751e8b465ee728b)
Number of updated assets reloaded before import = 0
Start importing Assets/External/COPY SPRIGHT/Comic Battle Royale/2D Character - Astronaut/Variant D/Prefabs/Character/sword_idle_up.prefab using Guid(1d6c93b313844b40868f192fcf2fb2c2) Importer(815301076,1909f56bfc062723c751e8b465ee728b)  -> (artifact id: 'c7039165a809eb7b057832d558d4c5a6') in 0.028494 seconds 
Number of asset objects unloaded after import = 18
========================================================================
Received Import Request.
  Time since last request: 0.000032 seconds.
  path: Assets/External/COPY SPRIGHT/Comic Battle Royale/2D Character - Astronaut/Variant A/Prefabs/Character/sword_idle_up.prefab
  artifactKey: Guid(8fb08c3029fe47eda1c9fb3f11c67573) Importer(815301076,1909f56bfc062723c751e8b465ee728b)
Number of updated assets reloaded before import = 0
Start importing Assets/External/COPY SPRIGHT/Comic Battle Royale/2D Character - Astronaut/Variant A/Prefabs/Character/sword_idle_up.prefab using Guid(8fb08c3029fe47eda1c9fb3f11c67573) Importer(815301076,1909f56bfc062723c751e8b465ee728b)  -> (artifact id: '9f3ed9b5b5b1274b5cb15b1b18a6b318') in 0.027488 seconds 
Number of asset objects unloaded after import = 18
========================================================================
Received Import Request.
  Time since last request: 0.000041 seconds.
  path: Assets/External/COPY SPRIGHT/Comic Battle Royale/2D Character - Astronaut/Variant E/Prefabs/Character/sword_idle_up.prefab
  artifactKey: Guid(8510d3e117d646adaf4b2f67c0e37726) Importer(815301076,1909f56bfc062723c751e8b465ee728b)
Number of updated assets reloaded before import = 0
Start importing Assets/External/COPY SPRIGHT/Comic Battle Royale/2D Character - Astronaut/Variant E/Prefabs/Character/sword_idle_up.prefab using Guid(8510d3e117d646adaf4b2f67c0e37726) Importer(815301076,1909f56bfc062723c751e8b465ee728b)  -> (artifact id: '554e4709b1650e2a89336d0fe4da315c') in 0.053436 seconds 
Number of asset objects unloaded after import = 18
========================================================================
Received Import Request.
  Time since last request: 15.898810 seconds.
  path: Assets/External/COPY SPRIGHT/Comic Battle Royale/2D Character - Astronaut/Variant B/Prefabs/Objects/Block_01.prefab
  artifactKey: Guid(ba9e7b85b1bc400899578d3d4af1bf09) Importer(815301076,1909f56bfc062723c751e8b465ee728b)
Number of updated assets reloaded before import = 0
Start importing Assets/External/COPY SPRIGHT/Comic Battle Royale/2D Character - Astronaut/Variant B/Prefabs/Objects/Block_01.prefab using Guid(ba9e7b85b1bc400899578d3d4af1bf09) Importer(815301076,1909f56bfc062723c751e8b465ee728b)  -> (artifact id: '36bad63b822402327ac4a34d35abbfe4') in 0.019850 seconds 
Number of asset objects unloaded after import = 8
========================================================================
Received Import Request.
  Time since last request: 0.000023 seconds.
  path: Assets/External/COPY SPRIGHT/Comic Battle Royale/2D Character - Astronaut/Variant A/Prefabs/Objects/bomb_explosion.prefab
  artifactKey: Guid(0cf323a9572c404e8967837546721593) Importer(815301076,1909f56bfc062723c751e8b465ee728b)
Number of updated assets reloaded before import = 0
Start importing Assets/External/COPY SPRIGHT/Comic Battle Royale/2D Character - Astronaut/Variant A/Prefabs/Objects/bomb_explosion.prefab using Guid(0cf323a9572c404e8967837546721593) Importer(815301076,1909f56bfc062723c751e8b465ee728b)  -> (artifact id: '93294221e34622c9ca6f0103ac45327d') in 0.240756 seconds 
Number of asset objects unloaded after import = 74
========================================================================
Received Import Request.
  Time since last request: 0.000036 seconds.
  path: Assets/External/COPY SPRIGHT/Comic Battle Royale/2D Character - Astronaut/Variant B/Prefabs/Character/bomb_hold_down.prefab
  artifactKey: Guid(520735be657740edad1432be9ac2c59a) Importer(815301076,1909f56bfc062723c751e8b465ee728b)
Number of updated assets reloaded before import = 0
Start importing Assets/External/COPY SPRIGHT/Comic Battle Royale/2D Character - Astronaut/Variant B/Prefabs/Character/bomb_hold_down.prefab using Guid(520735be657740edad1432be9ac2c59a) Importer(815301076,1909f56bfc062723c751e8b465ee728b)  -> (artifact id: 'ab03200d8a147eec8936f3d76d8c7300') in 0.174046 seconds 
Number of asset objects unloaded after import = 102
========================================================================
Received Import Request.
  Time since last request: 0.000069 seconds.
  path: Assets/External/COPY SPRIGHT/Comic Battle Royale/2D Character - Astronaut/Variant A/Prefabs/Character/bomb_hold_down.prefab
  artifactKey: Guid(565f5d97d0464129bec2037100f5b0a8) Importer(815301076,1909f56bfc062723c751e8b465ee728b)
Number of updated assets reloaded before import = 0
Start importing Assets/External/COPY SPRIGHT/Comic Battle Royale/2D Character - Astronaut/Variant A/Prefabs/Character/bomb_hold_down.prefab using Guid(565f5d97d0464129bec2037100f5b0a8) Importer(815301076,1909f56bfc062723c751e8b465ee728b)  -> (artifact id: '17b669d7656c5a28d69813780601fa5b') in 0.172557 seconds 
Number of asset objects unloaded after import = 102
========================================================================
Received Import Request.
  Time since last request: 0.000034 seconds.
  path: Assets/External/COPY SPRIGHT/Comic Battle Royale/2D Character - Astronaut/Variant A/Prefabs/Character/bomb_throw_up.prefab
  artifactKey: Guid(da4551d8f4b64d2eac925befe56b930c) Importer(815301076,1909f56bfc062723c751e8b465ee728b)
Number of updated assets reloaded before import = 0
Start importing Assets/External/COPY SPRIGHT/Comic Battle Royale/2D Character - Astronaut/Variant A/Prefabs/Character/bomb_throw_up.prefab using Guid(da4551d8f4b64d2eac925befe56b930c) Importer(815301076,1909f56bfc062723c751e8b465ee728b)  -> (artifact id: 'b440cee176399d86e100d12e7020123f') in 0.155173 seconds 
Number of asset objects unloaded after import = 56
========================================================================
Received Import Request.
  Time since last request: 0.000034 seconds.
  path: Assets/External/COPY SPRIGHT/Comic Battle Royale/2D Character - Astronaut/Variant B/Prefabs/Character/bomb_walk_down.prefab
  artifactKey: Guid(46c37ca27aeb4be6840c270e52e2e21a) Importer(815301076,1909f56bfc062723c751e8b465ee728b)
Number of updated assets reloaded before import = 0
Start importing Assets/External/COPY SPRIGHT/Comic Battle Royale/2D Character - Astronaut/Variant B/Prefabs/Character/bomb_walk_down.prefab using Guid(46c37ca27aeb4be6840c270e52e2e21a) Importer(815301076,1909f56bfc062723c751e8b465ee728b)  -> (artifact id: 'b6ad00ab7c56d24841e4d6906a9502a5') in 0.150985 seconds 
Number of asset objects unloaded after import = 100
========================================================================
Received Import Request.
  Time since last request: 0.000055 seconds.
  path: Assets/External/COPY SPRIGHT/Comic Battle Royale/2D Character - Astronaut/Variant C/Prefabs/Character/bomb_throw_up.prefab
  artifactKey: Guid(a2f29007c5cc434b9a094b6e791ba517) Importer(815301076,1909f56bfc062723c751e8b465ee728b)
Number of updated assets reloaded before import = 0
Start importing Assets/External/COPY SPRIGHT/Comic Battle Royale/2D Character - Astronaut/Variant C/Prefabs/Character/bomb_throw_up.prefab using Guid(a2f29007c5cc434b9a094b6e791ba517) Importer(815301076,1909f56bfc062723c751e8b465ee728b)  -> (artifact id: '09308e42648ee5415655661d6a46cea7') in 0.155158 seconds 
Number of asset objects unloaded after import = 56
========================================================================
Received Import Request.
  Time since last request: 0.000047 seconds.
  path: Assets/External/COPY SPRIGHT/Comic Battle Royale/2D Character - Astronaut/Variant D/Prefabs/Character/bomb_hold_down.prefab
  artifactKey: Guid(beff5149abd3400abb7da9357d546210) Importer(815301076,1909f56bfc062723c751e8b465ee728b)
Number of updated assets reloaded before import = 0
Start importing Assets/External/COPY SPRIGHT/Comic Battle Royale/2D Character - Astronaut/Variant D/Prefabs/Character/bomb_hold_down.prefab using Guid(beff5149abd3400abb7da9357d546210) Importer(815301076,1909f56bfc062723c751e8b465ee728b)  -> (artifact id: '7e723beed8ad9f42c2921e6cf6bbbd64') in 0.166612 seconds 
Number of asset objects unloaded after import = 102
========================================================================
Received Import Request.
  Time since last request: 0.000054 seconds.
  path: Assets/External/COPY SPRIGHT/Comic Battle Royale/2D Character - Astronaut/Variant C/Prefabs/Character/bomb_walk_down.prefab
  artifactKey: Guid(76233f64931b468c8bc031063eb8eb4c) Importer(815301076,1909f56bfc062723c751e8b465ee728b)
Number of updated assets reloaded before import = 0
Start importing Assets/External/COPY SPRIGHT/Comic Battle Royale/2D Character - Astronaut/Variant C/Prefabs/Character/bomb_walk_down.prefab using Guid(76233f64931b468c8bc031063eb8eb4c) Importer(815301076,1909f56bfc062723c751e8b465ee728b)  -> (artifact id: '2b31844f0302e4dc4e20c5ca05899948') in 0.159020 seconds 
Number of asset objects unloaded after import = 100
========================================================================
Received Import Request.
  Time since last request: 0.000048 seconds.
  path: Assets/External/COPY SPRIGHT/Comic Battle Royale/2D Character - Astronaut/Variant B/Prefabs/Objects/bomb_explosion.prefab
  artifactKey: Guid(f06f595ec5b1429a9ae31ce13673dbe0) Importer(815301076,1909f56bfc062723c751e8b465ee728b)
Number of updated assets reloaded before import = 0
Start importing Assets/External/COPY SPRIGHT/Comic Battle Royale/2D Character - Astronaut/Variant B/Prefabs/Objects/bomb_explosion.prefab using Guid(f06f595ec5b1429a9ae31ce13673dbe0) Importer(815301076,1909f56bfc062723c751e8b465ee728b)  -> (artifact id: 'd9f50f6be4215d036864661d942a0b45') in 0.046790 seconds 
Number of asset objects unloaded after import = 74
========================================================================
Received Import Request.
  Time since last request: 0.000077 seconds.
  path: Assets/External/COPY SPRIGHT/Comic Battle Royale/2D Character - Astronaut/Variant B/Prefabs/Character/bomb_throw_down.prefab
  artifactKey: Guid(a802e56841884c2b86af18ffb09956e2) Importer(815301076,1909f56bfc062723c751e8b465ee728b)
Number of updated assets reloaded before import = 0
Start importing Assets/External/COPY SPRIGHT/Comic Battle Royale/2D Character - Astronaut/Variant B/Prefabs/Character/bomb_throw_down.prefab using Guid(a802e56841884c2b86af18ffb09956e2) Importer(815301076,1909f56bfc062723c751e8b465ee728b)  -> (artifact id: 'b7ef015e6f7dde6fbeb2abdc10b31f83') in 0.148754 seconds 
Number of asset objects unloaded after import = 56
========================================================================
Received Import Request.
  Time since last request: 0.000032 seconds.
  path: Assets/External/COPY SPRIGHT/Comic Battle Royale/2D Character - Astronaut/Variant A/Prefabs/Character/bomb_walk_side.prefab
  artifactKey: Guid(48fa1b934b6f4811be9d7391029ebe2c) Importer(815301076,1909f56bfc062723c751e8b465ee728b)
Number of updated assets reloaded before import = 0
Start importing Assets/External/COPY SPRIGHT/Comic Battle Royale/2D Character - Astronaut/Variant A/Prefabs/Character/bomb_walk_side.prefab using Guid(48fa1b934b6f4811be9d7391029ebe2c) Importer(815301076,1909f56bfc062723c751e8b465ee728b)  -> (artifact id: '40055d004fb9df4b8679ab1e37e70c54') in 0.182838 seconds 
Number of asset objects unloaded after import = 148
========================================================================
Received Import Request.
  Time since last request: 0.000040 seconds.
  path: Assets/External/COPY SPRIGHT/Comic Battle Royale/2D Character - Astronaut/Variant C/Prefabs/Objects/bomb_explosion.prefab
  artifactKey: Guid(3dd3b928115e4be9bf4814ff0c42293f) Importer(815301076,1909f56bfc062723c751e8b465ee728b)
Number of updated assets reloaded before import = 0
Start importing Assets/External/COPY SPRIGHT/Comic Battle Royale/2D Character - Astronaut/Variant C/Prefabs/Objects/bomb_explosion.prefab using Guid(3dd3b928115e4be9bf4814ff0c42293f) Importer(815301076,1909f56bfc062723c751e8b465ee728b)  -> (artifact id: '18f546bc23b7aaa0029f6403b87b5ba6') in 0.030556 seconds 
Number of asset objects unloaded after import = 74
========================================================================
Received Import Request.
  Time since last request: 0.000030 seconds.
  path: Assets/External/COPY SPRIGHT/Comic Battle Royale/2D Character - Astronaut/Variant C/Prefabs/Character/bomb_walk_up.prefab
  artifactKey: Guid(0ed684651e1c4640b4bc5a13a9e90d32) Importer(815301076,1909f56bfc062723c751e8b465ee728b)
Number of updated assets reloaded before import = 0
Start importing Assets/External/COPY SPRIGHT/Comic Battle Royale/2D Character - Astronaut/Variant C/Prefabs/Character/bomb_walk_up.prefab using Guid(0ed684651e1c4640b4bc5a13a9e90d32) Importer(815301076,1909f56bfc062723c751e8b465ee728b)  -> (artifact id: '0da89c1f5856e6cf688d48d7d60db786') in 0.155060 seconds 
Number of asset objects unloaded after import = 100
========================================================================
Received Import Request.
  Time since last request: 0.000027 seconds.
  path: Assets/External/COPY SPRIGHT/Comic Battle Royale/2D Character - Astronaut/Variant C/Prefabs/Character/bow_up.prefab
  artifactKey: Guid(c25a1638ce604c51b515f2f667b011bb) Importer(815301076,1909f56bfc062723c751e8b465ee728b)
Number of updated assets reloaded before import = 0
Start importing Assets/External/COPY SPRIGHT/Comic Battle Royale/2D Character - Astronaut/Variant C/Prefabs/Character/bow_up.prefab using Guid(c25a1638ce604c51b515f2f667b011bb) Importer(815301076,1909f56bfc062723c751e8b465ee728b)  -> (artifact id: '8d81f76474af0782bc3f96a4096cf241') in 0.038592 seconds 
Number of asset objects unloaded after import = 25
========================================================================
Received Import Request.
  Time since last request: 0.000031 seconds.
  path: Assets/External/COPY SPRIGHT/Comic Battle Royale/2D Character - Astronaut/Variant B/Prefabs/Character/bow_up.prefab
  artifactKey: Guid(47ba1c82d9f74974867f994b83f67c74) Importer(815301076,1909f56bfc062723c751e8b465ee728b)
Number of updated assets reloaded before import = 0
Start importing Assets/External/COPY SPRIGHT/Comic Battle Royale/2D Character - Astronaut/Variant B/Prefabs/Character/bow_up.prefab using Guid(47ba1c82d9f74974867f994b83f67c74) Importer(815301076,1909f56bfc062723c751e8b465ee728b)  -> (artifact id: '504e41133bb49e4f681a824dd84d0cd7') in 0.037506 seconds 
Number of asset objects unloaded after import = 25
========================================================================
Received Import Request.
  Time since last request: 0.000036 seconds.
  path: Assets/External/COPY SPRIGHT/Comic Battle Royale/2D Character - Astronaut/Variant E/Prefabs/Character/bomb_throw_side.prefab
  artifactKey: Guid(5af452213d5a4abe9e3a0ddf6ba38030) Importer(815301076,1909f56bfc062723c751e8b465ee728b)
Number of updated assets reloaded before import = 0
Start importing Assets/External/COPY SPRIGHT/Comic Battle Royale/2D Character - Astronaut/Variant E/Prefabs/Character/bomb_throw_side.prefab using Guid(5af452213d5a4abe9e3a0ddf6ba38030) Importer(815301076,1909f56bfc062723c751e8b465ee728b)  -> (artifact id: '76be28b3f0e1797febd0f951e0689a5e') in 0.146902 seconds 
Number of asset objects unloaded after import = 56
========================================================================
Received Import Request.
  Time since last request: 0.000024 seconds.
  path: Assets/External/COPY SPRIGHT/Comic Battle Royale/2D Character - Astronaut/Variant A/Prefabs/Character/bomb_throw_side.prefab
  artifactKey: Guid(22cfe9631a7343f9b6ec8f2de454f2c0) Importer(815301076,1909f56bfc062723c751e8b465ee728b)
Number of updated assets reloaded before import = 0
Start importing Assets/External/COPY SPRIGHT/Comic Battle Royale/2D Character - Astronaut/Variant A/Prefabs/Character/bomb_throw_side.prefab using Guid(22cfe9631a7343f9b6ec8f2de454f2c0) Importer(815301076,1909f56bfc062723c751e8b465ee728b)  -> (artifact id: 'e6b7cba021fe85f250189f55666571b5') in 0.143372 seconds 
Number of asset objects unloaded after import = 56
========================================================================
Received Import Request.
  Time since last request: 0.000259 seconds.
  path: Assets/External/COPY SPRIGHT/Comic Battle Royale/2D Character - Astronaut/Variant C/Prefabs/Character/bow_side.prefab
  artifactKey: Guid(e32d8d69db2046cf94e53bf295bf70a9) Importer(815301076,1909f56bfc062723c751e8b465ee728b)
Number of updated assets reloaded before import = 0
Start importing Assets/External/COPY SPRIGHT/Comic Battle Royale/2D Character - Astronaut/Variant C/Prefabs/Character/bow_side.prefab using Guid(e32d8d69db2046cf94e53bf295bf70a9) Importer(815301076,1909f56bfc062723c751e8b465ee728b)  -> (artifact id: 'b49e9ad2d5129df4aee943022df91003') in 0.047507 seconds 
Number of asset objects unloaded after import = 37
========================================================================
Received Import Request.
  Time since last request: 0.000037 seconds.
  path: Assets/External/COPY SPRIGHT/Comic Battle Royale/2D Character - Astronaut/Variant D/Prefabs/Character/bow_side.prefab
  artifactKey: Guid(7cbbbb3fd8ef4c24bba54fa5fcbf29e8) Importer(815301076,1909f56bfc062723c751e8b465ee728b)
Number of updated assets reloaded before import = 0
Start importing Assets/External/COPY SPRIGHT/Comic Battle Royale/2D Character - Astronaut/Variant D/Prefabs/Character/bow_side.prefab using Guid(7cbbbb3fd8ef4c24bba54fa5fcbf29e8) Importer(815301076,1909f56bfc062723c751e8b465ee728b)  -> (artifact id: 'd117b845a85d41302fdd024acc4ea7e7') in 0.046223 seconds 
Number of asset objects unloaded after import = 37
========================================================================
Received Import Request.
  Time since last request: 0.000024 seconds.
  path: Assets/External/COPY SPRIGHT/Comic Battle Royale/2D Character - Astronaut/Variant A/Prefabs/Character/bow_up.prefab
  artifactKey: Guid(0ba8d6a564454d12913d23b0f5cff947) Importer(815301076,1909f56bfc062723c751e8b465ee728b)
Number of updated assets reloaded before import = 0
Start importing Assets/External/COPY SPRIGHT/Comic Battle Royale/2D Character - Astronaut/Variant A/Prefabs/Character/bow_up.prefab using Guid(0ba8d6a564454d12913d23b0f5cff947) Importer(815301076,1909f56bfc062723c751e8b465ee728b)  -> (artifact id: 'baeef9bbfe84b924a6e251e90777402b') in 0.038172 seconds 
Number of asset objects unloaded after import = 25
========================================================================
Received Import Request.
  Time since last request: 0.000029 seconds.
  path: Assets/External/COPY SPRIGHT/Comic Battle Royale/2D Character - Astronaut/Variant E/Prefabs/Character/bomb_walk_side.prefab
  artifactKey: Guid(8e0ccd15705e45cfbf269a419b339b1b) Importer(815301076,1909f56bfc062723c751e8b465ee728b)
Number of updated assets reloaded before import = 0
Start importing Assets/External/COPY SPRIGHT/Comic Battle Royale/2D Character - Astronaut/Variant E/Prefabs/Character/bomb_walk_side.prefab using Guid(8e0ccd15705e45cfbf269a419b339b1b) Importer(815301076,1909f56bfc062723c751e8b465ee728b)  -> (artifact id: '2d2340b9c66835caaf4fa5b45f53eea2') in 0.177613 seconds 
Number of asset objects unloaded after import = 148
========================================================================
Received Import Request.
  Time since last request: 0.000023 seconds.
  path: Assets/External/COPY SPRIGHT/Comic Battle Royale/2D Character - Astronaut/Variant D/Prefabs/Character/bomb_throw_side.prefab
  artifactKey: Guid(381f0d7d0bf34f70a0c01318dcc286c9) Importer(815301076,1909f56bfc062723c751e8b465ee728b)
Number of updated assets reloaded before import = 0
Start importing Assets/External/COPY SPRIGHT/Comic Battle Royale/2D Character - Astronaut/Variant D/Prefabs/Character/bomb_throw_side.prefab using Guid(381f0d7d0bf34f70a0c01318dcc286c9) Importer(815301076,1909f56bfc062723c751e8b465ee728b)  -> (artifact id: '03ee29e9b2b46f28a792c2ddb16596e6') in 0.136623 seconds 
Number of asset objects unloaded after import = 56
========================================================================
Received Import Request.
  Time since last request: 0.000035 seconds.
  path: Assets/External/COPY SPRIGHT/Comic Battle Royale/2D Character - Astronaut/Variant E/Prefabs/Character/bomb_walk_down.prefab
  artifactKey: Guid(c489553953954072809cb5a7bff9cbe0) Importer(815301076,1909f56bfc062723c751e8b465ee728b)
Number of updated assets reloaded before import = 0
Start importing Assets/External/COPY SPRIGHT/Comic Battle Royale/2D Character - Astronaut/Variant E/Prefabs/Character/bomb_walk_down.prefab using Guid(c489553953954072809cb5a7bff9cbe0) Importer(815301076,1909f56bfc062723c751e8b465ee728b)  -> (artifact id: '41e042dc6e17cb6d71e1127c5d0ac054') in 0.157287 seconds 
Number of asset objects unloaded after import = 100
========================================================================
Received Import Request.
  Time since last request: 0.000024 seconds.
  path: Assets/External/COPY SPRIGHT/Comic Battle Royale/2D Character - Astronaut/Variant E/Prefabs/Character/bow_down.prefab
  artifactKey: Guid(c13387da595b417e825f43c05b921e9a) Importer(815301076,1909f56bfc062723c751e8b465ee728b)
Number of updated assets reloaded before import = 0
Start importing Assets/External/COPY SPRIGHT/Comic Battle Royale/2D Character - Astronaut/Variant E/Prefabs/Character/bow_down.prefab using Guid(c13387da595b417e825f43c05b921e9a) Importer(815301076,1909f56bfc062723c751e8b465ee728b)  -> (artifact id: '37e098de0e4ed7aa8684a4c060cf76bc') in 0.041867 seconds 
Number of asset objects unloaded after import = 37
========================================================================
Received Import Request.
  Time since last request: 0.000024 seconds.
  path: Assets/External/COPY SPRIGHT/Comic Battle Royale/2D Character - Astronaut/Variant B/Prefabs/Character/bomb_hold_side.prefab
  artifactKey: Guid(a50017381d68405baca692442d73a9ab) Importer(815301076,1909f56bfc062723c751e8b465ee728b)
Number of updated assets reloaded before import = 0
Start importing Assets/External/COPY SPRIGHT/Comic Battle Royale/2D Character - Astronaut/Variant B/Prefabs/Character/bomb_hold_side.prefab using Guid(a50017381d68405baca692442d73a9ab) Importer(815301076,1909f56bfc062723c751e8b465ee728b)  -> (artifact id: 'cfba0afde8aeab59f3796f9f4fd17830') in 0.205394 seconds 
Number of asset objects unloaded after import = 152
Editor requested this worker to shutdown with reason: Scaling down because of idle timeout
AssetImportWorker is now disconnected from the server
Process exiting
Exiting without the bug reporter. Application will terminate with return code 0